{"/Users/pedram/Projects/MCPeek/web/frontend/src/App.js": {"path":"/Users/pedram/Projects/MCPeek/web/frontend/src/App.js","statementMap":{"0":{"start":{"line":8,"column":20},"end":{"line":28,"column":1}},"1":{"start":{"line":30,"column":15},"end":{"line":37,"column":1}},"2":{"start":{"line":39,"column":21},"end":{"line":61,"column":1}},"3":{"start":{"line":63,"column":15},"end":{"line":80,"column":1}},"4":{"start":{"line":82,"column":14},"end":{"line":94,"column":1}},"5":{"start":{"line":96,"column":17},"end":{"line":101,"column":1}},"6":{"start":{"line":103,"column":20},"end":{"line":108,"column":1}},"7":{"start":{"line":110,"column":26},"end":{"line":114,"column":1}},"8":{"start":{"line":116,"column":22},"end":{"line":128,"column":1}},"9":{"start":{"line":130,"column":20},"end":{"line":135,"column":1}},"10":{"start":{"line":137,"column":19},"end":{"line":159,"column":1}},"11":{"start":{"line":162,"column":36},"end":{"line":162,"column":50}},"12":{"start":{"line":163,"column":38},"end":{"line":163,"column":52}},"13":{"start":{"line":165,"column":2},"end":{"line":172,"column":9}},"14":{"start":{"line":167,"column":18},"end":{"line":169,"column":12}},"15":{"start":{"line":168,"column":6},"end":{"line":168,"column":26}},"16":{"start":{"line":171,"column":4},"end":{"line":171,"column":37}},"17":{"start":{"line":171,"column":17},"end":{"line":171,"column":36}},"18":{"start":{"line":174,"column":2},"end":{"line":229,"column":4}}},"fnMap":{"0":{"name":"App","decl":{"start":{"line":161,"column":9},"end":{"line":161,"column":12}},"loc":{"start":{"line":161,"column":15},"end":{"line":230,"column":1}},"line":161},"1":{"name":"(anonymous_1)","decl":{"start":{"line":165,"column":12},"end":{"line":165,"column":13}},"loc":{"start":{"line":165,"column":18},"end":{"line":172,"column":3}},"line":165},"2":{"name":"(anonymous_2)","decl":{"start":{"line":167,"column":29},"end":{"line":167,"column":30}},"loc":{"start":{"line":167,"column":35},"end":{"line":169,"column":5}},"line":167},"3":{"name":"(anonymous_3)","decl":{"start":{"line":171,"column":11},"end":{"line":171,"column":12}},"loc":{"start":{"line":171,"column":17},"end":{"line":171,"column":36}},"line":171}},"branchMap":{"0":{"loc":{"start":{"line":179,"column":11},"end":{"line":198,"column":11}},"type":"binary-expr","locations":[{"start":{"line":179,"column":11},"end":{"line":179,"column":20}},{"start":{"line":180,"column":12},"end":{"line":197,"column":28}}],"line":179},"1":{"loc":{"start":{"line":201,"column":9},"end":{"line":226,"column":9}},"type":"binary-expr","locations":[{"start":{"line":201,"column":9},"end":{"line":201,"column":19}},{"start":{"line":202,"column":10},"end":{"line":225,"column":13}}],"line":201}},"s":{"0":0,"1":0,"2":0,"3":0,"4":0,"5":0,"6":0,"7":0,"8":0,"9":0,"10":0,"11":0,"12":0,"13":0,"14":0,"15":0,"16":0,"17":0,"18":0},"f":{"0":0,"1":0,"2":0,"3":0},"b":{"0":[0,0],"1":[0,0]}}
,"/Users/pedram/Projects/MCPeek/web/frontend/src/index.js": {"path":"/Users/pedram/Projects/MCPeek/web/frontend/src/index.js","statementMap":{"0":{"start":{"line":5,"column":13},"end":{"line":5,"column":65}},"1":{"start":{"line":6,"column":0},"end":{"line":10,"column":2}}},"fnMap":{},"branchMap":{},"s":{"0":0,"1":0},"f":{},"b":{}}
,"/Users/pedram/Projects/MCPeek/web/frontend/src/components/MCPInterface.js": {"path":"/Users/pedram/Projects/MCPeek/web/frontend/src/components/MCPInterface.js","statementMap":{"0":{"start":{"line":8,"column":13},"end":{"line":12,"column":1}},"1":{"start":{"line":14,"column":17},"end":{"line":17,"column":1}},"2":{"start":{"line":19,"column":18},"end":{"line":39,"column":1}},"3":{"start":{"line":41,"column":15},"end":{"line":47,"column":1}},"4":{"start":{"line":49,"column":12},"end":{"line":75,"column":1}},"5":{"start":{"line":60,"column":13},"end":{"line":64,"column":3}},"6":{"start":{"line":77,"column":19},"end":{"line":79,"column":1}},"7":{"start":{"line":81,"column":16},"end":{"line":83,"column":1}},"8":{"start":{"line":85,"column":21},"end":{"line":92,"column":1}},"9":{"start":{"line":94,"column":18},"end":{"line":96,"column":1}},"10":{"start":{"line":98,"column":14},"end":{"line":105,"column":1}},"11":{"start":{"line":107,"column":14},"end":{"line":126,"column":1}},"12":{"start":{"line":128,"column":15},"end":{"line":148,"column":1}},"13":{"start":{"line":150,"column":19},"end":{"line":154,"column":1}},"14":{"start":{"line":156,"column":19},"end":{"line":165,"column":1}},"15":{"start":{"line":167,"column":19},"end":{"line":194,"column":1}},"16":{"start":{"line":196,"column":15},"end":{"line":226,"column":1}},"17":{"start":{"line":228,"column":24},"end":{"line":249,"column":1}},"18":{"start":{"line":251,"column":17},"end":{"line":275,"column":1}},"19":{"start":{"line":277,"column":22},"end":{"line":282,"column":1}},"20":{"start":{"line":284,"column":23},"end":{"line":297,"column":1}},"21":{"start":{"line":299,"column":21},"end":{"line":306,"column":1}},"22":{"start":{"line":308,"column":23},"end":{"line":315,"column":1}},"23":{"start":{"line":317,"column":27},"end":{"line":337,"column":1}},"24":{"start":{"line":339,"column":26},"end":{"line":385,"column":1}},"25":{"start":{"line":387,"column":19},"end":{"line":411,"column":1}},"26":{"start":{"line":413,"column":21},"end":{"line":417,"column":1}},"27":{"start":{"line":419,"column":21},"end":{"line":870,"column":1}},"28":{"start":{"line":420,"column":36},"end":{"line":420,"column":55}},"29":{"start":{"line":421,"column":34},"end":{"line":421,"column":46}},"30":{"start":{"line":422,"column":44},"end":{"line":422,"column":60}},"31":{"start":{"line":423,"column":30},"end":{"line":423,"column":42}},"32":{"start":{"line":424,"column":38},"end":{"line":424,"column":50}},"33":{"start":{"line":425,"column":36},"end":{"line":425,"column":51}},"34":{"start":{"line":426,"column":28},"end":{"line":426,"column":40}},"35":{"start":{"line":427,"column":32},"end":{"line":427,"column":44}},"36":{"start":{"line":428,"column":48},"end":{"line":428,"column":62}},"37":{"start":{"line":429,"column":42},"end":{"line":429,"column":56}},"38":{"start":{"line":430,"column":46},"end":{"line":430,"column":58}},"39":{"start":{"line":431,"column":36},"end":{"line":431,"column":48}},"40":{"start":{"line":432,"column":32},"end":{"line":432,"column":44}},"41":{"start":{"line":433,"column":46},"end":{"line":433,"column":58}},"42":{"start":{"line":434,"column":54},"end":{"line":434,"column":69}},"43":{"start":{"line":437,"column":2},"end":{"line":449,"column":9}},"44":{"start":{"line":438,"column":31},"end":{"line":447,"column":5}},"45":{"start":{"line":439,"column":6},"end":{"line":446,"column":7}},"46":{"start":{"line":440,"column":22},"end":{"line":440,"column":68}},"47":{"start":{"line":441,"column":8},"end":{"line":443,"column":9}},"48":{"start":{"line":442,"column":10},"end":{"line":442,"column":47}},"49":{"start":{"line":445,"column":8},"end":{"line":445,"column":62}},"50":{"start":{"line":448,"column":4},"end":{"line":448,"column":25}},"51":{"start":{"line":452,"column":23},"end":{"line":471,"column":3}},"52":{"start":{"line":453,"column":4},"end":{"line":470,"column":5}},"53":{"start":{"line":454,"column":26},"end":{"line":463,"column":7}},"54":{"start":{"line":465,"column":22},"end":{"line":465,"column":104}},"55":{"start":{"line":465,"column":53},"end":{"line":465,"column":89}},"56":{"start":{"line":466,"column":6},"end":{"line":466,"column":33}},"57":{"start":{"line":467,"column":6},"end":{"line":467,"column":78}},"58":{"start":{"line":469,"column":6},"end":{"line":469,"column":53}},"59":{"start":{"line":474,"column":28},"end":{"line":481,"column":3}},"60":{"start":{"line":475,"column":4},"end":{"line":475,"column":32}},"61":{"start":{"line":476,"column":4},"end":{"line":476,"column":42}},"62":{"start":{"line":477,"column":4},"end":{"line":477,"column":34}},"63":{"start":{"line":478,"column":4},"end":{"line":478,"column":42}},"64":{"start":{"line":479,"column":4},"end":{"line":479,"column":33}},"65":{"start":{"line":480,"column":4},"end":{"line":480,"column":55}},"66":{"start":{"line":484,"column":30},"end":{"line":488,"column":3}},"67":{"start":{"line":485,"column":20},"end":{"line":485,"column":59}},"68":{"start":{"line":485,"column":47},"end":{"line":485,"column":58}},"69":{"start":{"line":486,"column":4},"end":{"line":486,"column":31}},"70":{"start":{"line":487,"column":4},"end":{"line":487,"column":76}},"71":{"start":{"line":490,"column":25},"end":{"line":543,"column":3}},"72":{"start":{"line":491,"column":4},"end":{"line":494,"column":5}},"73":{"start":{"line":492,"column":6},"end":{"line":492,"column":47}},"74":{"start":{"line":493,"column":6},"end":{"line":493,"column":13}},"75":{"start":{"line":496,"column":4},"end":{"line":496,"column":23}},"76":{"start":{"line":497,"column":4},"end":{"line":497,"column":17}},"77":{"start":{"line":498,"column":4},"end":{"line":498,"column":19}},"78":{"start":{"line":500,"column":4},"end":{"line":542,"column":5}},"79":{"start":{"line":501,"column":22},"end":{"line":501,"column":24}},"80":{"start":{"line":502,"column":6},"end":{"line":502,"column":48}},"81":{"start":{"line":502,"column":18},"end":{"line":502,"column":48}},"82":{"start":{"line":503,"column":6},"end":{"line":503,"column":60}},"83":{"start":{"line":503,"column":22},"end":{"line":503,"column":60}},"84":{"start":{"line":507,"column":23},"end":{"line":511,"column":21}},"85":{"start":{"line":513,"column":6},"end":{"line":533,"column":7}},"86":{"start":{"line":514,"column":8},"end":{"line":514,"column":47}},"87":{"start":{"line":515,"column":8},"end":{"line":515,"column":56}},"88":{"start":{"line":518,"column":8},"end":{"line":521,"column":9}},"89":{"start":{"line":519,"column":10},"end":{"line":519,"column":72}},"90":{"start":{"line":520,"column":10},"end":{"line":520,"column":68}},"91":{"start":{"line":524,"column":8},"end":{"line":530,"column":11}},"92":{"start":{"line":532,"column":8},"end":{"line":532,"column":66}},"93":{"start":{"line":535,"column":6},"end":{"line":539,"column":7}},"94":{"start":{"line":536,"column":8},"end":{"line":536,"column":42}},"95":{"start":{"line":538,"column":8},"end":{"line":538,"column":58}},"96":{"start":{"line":541,"column":6},"end":{"line":541,"column":26}},"97":{"start":{"line":545,"column":28},"end":{"line":576,"column":3}},"98":{"start":{"line":546,"column":4},"end":{"line":546,"column":23}},"99":{"start":{"line":547,"column":4},"end":{"line":547,"column":17}},"100":{"start":{"line":548,"column":4},"end":{"line":548,"column":19}},"101":{"start":{"line":550,"column":4},"end":{"line":575,"column":5}},"102":{"start":{"line":551,"column":22},"end":{"line":551,"column":24}},"103":{"start":{"line":552,"column":6},"end":{"line":552,"column":48}},"104":{"start":{"line":552,"column":18},"end":{"line":552,"column":48}},"105":{"start":{"line":553,"column":6},"end":{"line":553,"column":60}},"106":{"start":{"line":553,"column":22},"end":{"line":553,"column":60}},"107":{"start":{"line":555,"column":23},"end":{"line":559,"column":21}},"108":{"start":{"line":561,"column":6},"end":{"line":566,"column":7}},"109":{"start":{"line":562,"column":8},"end":{"line":562,"column":62}},"110":{"start":{"line":565,"column":8},"end":{"line":565,"column":65}},"111":{"start":{"line":568,"column":6},"end":{"line":572,"column":7}},"112":{"start":{"line":569,"column":8},"end":{"line":569,"column":42}},"113":{"start":{"line":571,"column":8},"end":{"line":571,"column":58}},"114":{"start":{"line":574,"column":6},"end":{"line":574,"column":26}},"115":{"start":{"line":578,"column":27},"end":{"line":732,"column":3}},"116":{"start":{"line":579,"column":4},"end":{"line":731,"column":17}},"117":{"start":{"line":588,"column":27},"end":{"line":588,"column":69}},"118":{"start":{"line":605,"column":20},"end":{"line":628,"column":40}},"119":{"start":{"line":615,"column":41},"end":{"line":615,"column":65}},"120":{"start":{"line":622,"column":41},"end":{"line":622,"column":70}},"121":{"start":{"line":649,"column":33},"end":{"line":649,"column":65}},"122":{"start":{"line":659,"column":33},"end":{"line":659,"column":65}},"123":{"start":{"line":671,"column":29},"end":{"line":671,"column":56}},"124":{"start":{"line":688,"column":33},"end":{"line":688,"column":58}},"125":{"start":{"line":698,"column":33},"end":{"line":698,"column":62}},"126":{"start":{"line":734,"column":25},"end":{"line":790,"column":3}},"127":{"start":{"line":735,"column":4},"end":{"line":789,"column":17}},"128":{"start":{"line":744,"column":10},"end":{"line":782,"column":21}},"129":{"start":{"line":746,"column":27},"end":{"line":746,"column":48}},"130":{"start":{"line":754,"column":45},"end":{"line":754,"column":64}},"131":{"start":{"line":757,"column":18},"end":{"line":770,"column":30}},"132":{"start":{"line":762,"column":39},"end":{"line":768,"column":24}},"133":{"start":{"line":773,"column":33},"end":{"line":773,"column":61}},"134":{"start":{"line":792,"column":29},"end":{"line":817,"column":3}},"135":{"start":{"line":793,"column":4},"end":{"line":816,"column":17}},"136":{"start":{"line":802,"column":12},"end":{"line":810,"column":23}},"137":{"start":{"line":819,"column":27},"end":{"line":843,"column":3}},"138":{"start":{"line":820,"column":4},"end":{"line":842,"column":17}},"139":{"start":{"line":829,"column":12},"end":{"line":836,"column":23}},"140":{"start":{"line":845,"column":2},"end":{"line":869,"column":4}},"141":{"start":{"line":848,"column":61},"end":{"line":848,"column":84}},"142":{"start":{"line":851,"column":59},"end":{"line":851,"column":80}},"143":{"start":{"line":854,"column":63},"end":{"line":854,"column":88}},"144":{"start":{"line":857,"column":61},"end":{"line":857,"column":84}}},"fnMap":{"0":{"name":"(anonymous_0)","decl":{"start":{"line":60,"column":4},"end":{"line":60,"column":5}},"loc":{"start":{"line":60,"column":13},"end":{"line":64,"column":3}},"line":60},"1":{"name":"(anonymous_1)","decl":{"start":{"line":419,"column":21},"end":{"line":419,"column":22}},"loc":{"start":{"line":419,"column":27},"end":{"line":870,"column":1}},"line":419},"2":{"name":"(anonymous_2)","decl":{"start":{"line":437,"column":12},"end":{"line":437,"column":13}},"loc":{"start":{"line":437,"column":18},"end":{"line":449,"column":3}},"line":437},"3":{"name":"(anonymous_3)","decl":{"start":{"line":438,"column":31},"end":{"line":438,"column":32}},"loc":{"start":{"line":438,"column":37},"end":{"line":447,"column":5}},"line":438},"4":{"name":"(anonymous_4)","decl":{"start":{"line":452,"column":23},"end":{"line":452,"column":24}},"loc":{"start":{"line":452,"column":41},"end":{"line":471,"column":3}},"line":452},"5":{"name":"(anonymous_5)","decl":{"start":{"line":465,"column":48},"end":{"line":465,"column":49}},"loc":{"start":{"line":465,"column":53},"end":{"line":465,"column":89}},"line":465},"6":{"name":"(anonymous_6)","decl":{"start":{"line":474,"column":28},"end":{"line":474,"column":29}},"loc":{"start":{"line":474,"column":39},"end":{"line":481,"column":3}},"line":474},"7":{"name":"(anonymous_7)","decl":{"start":{"line":484,"column":30},"end":{"line":484,"column":31}},"loc":{"start":{"line":484,"column":38},"end":{"line":488,"column":3}},"line":484},"8":{"name":"(anonymous_8)","decl":{"start":{"line":485,"column":42},"end":{"line":485,"column":43}},"loc":{"start":{"line":485,"column":47},"end":{"line":485,"column":58}},"line":485},"9":{"name":"(anonymous_9)","decl":{"start":{"line":490,"column":25},"end":{"line":490,"column":26}},"loc":{"start":{"line":490,"column":37},"end":{"line":543,"column":3}},"line":490},"10":{"name":"(anonymous_10)","decl":{"start":{"line":545,"column":28},"end":{"line":545,"column":29}},"loc":{"start":{"line":545,"column":48},"end":{"line":576,"column":3}},"line":545},"11":{"name":"(anonymous_11)","decl":{"start":{"line":578,"column":27},"end":{"line":578,"column":28}},"loc":{"start":{"line":579,"column":4},"end":{"line":731,"column":17}},"line":579},"12":{"name":"(anonymous_12)","decl":{"start":{"line":588,"column":21},"end":{"line":588,"column":22}},"loc":{"start":{"line":588,"column":27},"end":{"line":588,"column":69}},"line":588},"13":{"name":"(anonymous_13)","decl":{"start":{"line":604,"column":38},"end":{"line":604,"column":39}},"loc":{"start":{"line":605,"column":20},"end":{"line":628,"column":40}},"line":605},"14":{"name":"(anonymous_14)","decl":{"start":{"line":615,"column":35},"end":{"line":615,"column":36}},"loc":{"start":{"line":615,"column":41},"end":{"line":615,"column":65}},"line":615},"15":{"name":"(anonymous_15)","decl":{"start":{"line":622,"column":35},"end":{"line":622,"column":36}},"loc":{"start":{"line":622,"column":41},"end":{"line":622,"column":70}},"line":622},"16":{"name":"(anonymous_16)","decl":{"start":{"line":649,"column":26},"end":{"line":649,"column":27}},"loc":{"start":{"line":649,"column":33},"end":{"line":649,"column":65}},"line":649},"17":{"name":"(anonymous_17)","decl":{"start":{"line":659,"column":26},"end":{"line":659,"column":27}},"loc":{"start":{"line":659,"column":33},"end":{"line":659,"column":65}},"line":659},"18":{"name":"(anonymous_18)","decl":{"start":{"line":671,"column":22},"end":{"line":671,"column":23}},"loc":{"start":{"line":671,"column":29},"end":{"line":671,"column":56}},"line":671},"19":{"name":"(anonymous_19)","decl":{"start":{"line":688,"column":26},"end":{"line":688,"column":27}},"loc":{"start":{"line":688,"column":33},"end":{"line":688,"column":58}},"line":688},"20":{"name":"(anonymous_20)","decl":{"start":{"line":698,"column":26},"end":{"line":698,"column":27}},"loc":{"start":{"line":698,"column":33},"end":{"line":698,"column":62}},"line":698},"21":{"name":"(anonymous_21)","decl":{"start":{"line":734,"column":25},"end":{"line":734,"column":26}},"loc":{"start":{"line":735,"column":4},"end":{"line":789,"column":17}},"line":735},"22":{"name":"(anonymous_22)","decl":{"start":{"line":743,"column":51},"end":{"line":743,"column":52}},"loc":{"start":{"line":744,"column":10},"end":{"line":782,"column":21}},"line":744},"23":{"name":"(anonymous_23)","decl":{"start":{"line":746,"column":21},"end":{"line":746,"column":22}},"loc":{"start":{"line":746,"column":27},"end":{"line":746,"column":48}},"line":746},"24":{"name":"(anonymous_24)","decl":{"start":{"line":754,"column":38},"end":{"line":754,"column":39}},"loc":{"start":{"line":754,"column":45},"end":{"line":754,"column":64}},"line":754},"25":{"name":"(anonymous_25)","decl":{"start":{"line":756,"column":97},"end":{"line":756,"column":98}},"loc":{"start":{"line":757,"column":18},"end":{"line":770,"column":30}},"line":757},"26":{"name":"(anonymous_26)","decl":{"start":{"line":762,"column":32},"end":{"line":762,"column":33}},"loc":{"start":{"line":762,"column":39},"end":{"line":768,"column":24}},"line":762},"27":{"name":"(anonymous_27)","decl":{"start":{"line":773,"column":27},"end":{"line":773,"column":28}},"loc":{"start":{"line":773,"column":33},"end":{"line":773,"column":61}},"line":773},"28":{"name":"(anonymous_28)","decl":{"start":{"line":792,"column":29},"end":{"line":792,"column":30}},"loc":{"start":{"line":793,"column":4},"end":{"line":816,"column":17}},"line":793},"29":{"name":"(anonymous_29)","decl":{"start":{"line":801,"column":24},"end":{"line":801,"column":25}},"loc":{"start":{"line":802,"column":12},"end":{"line":810,"column":23}},"line":802},"30":{"name":"(anonymous_30)","decl":{"start":{"line":819,"column":27},"end":{"line":819,"column":28}},"loc":{"start":{"line":820,"column":4},"end":{"line":842,"column":17}},"line":820},"31":{"name":"(anonymous_31)","decl":{"start":{"line":828,"column":22},"end":{"line":828,"column":23}},"loc":{"start":{"line":829,"column":12},"end":{"line":836,"column":23}},"line":829},"32":{"name":"(anonymous_32)","decl":{"start":{"line":848,"column":55},"end":{"line":848,"column":56}},"loc":{"start":{"line":848,"column":61},"end":{"line":848,"column":84}},"line":848},"33":{"name":"(anonymous_33)","decl":{"start":{"line":851,"column":53},"end":{"line":851,"column":54}},"loc":{"start":{"line":851,"column":59},"end":{"line":851,"column":80}},"line":851},"34":{"name":"(anonymous_34)","decl":{"start":{"line":854,"column":57},"end":{"line":854,"column":58}},"loc":{"start":{"line":854,"column":63},"end":{"line":854,"column":88}},"line":854},"35":{"name":"(anonymous_35)","decl":{"start":{"line":857,"column":55},"end":{"line":857,"column":56}},"loc":{"start":{"line":857,"column":61},"end":{"line":857,"column":84}},"line":857}},"branchMap":{"0":{"loc":{"start":{"line":60,"column":13},"end":{"line":64,"column":3}},"type":"binary-expr","locations":[{"start":{"line":60,"column":13},"end":{"line":60,"column":25}},{"start":{"line":60,"column":29},"end":{"line":64,"column":3}}],"line":60},"1":{"loc":{"start":{"line":441,"column":8},"end":{"line":443,"column":9}},"type":"if","locations":[{"start":{"line":441,"column":8},"end":{"line":443,"column":9}},{"start":{},"end":{}}],"line":441},"2":{"loc":{"start":{"line":458,"column":14},"end":{"line":458,"column":73}},"type":"binary-expr","locations":[{"start":{"line":458,"column":14},"end":{"line":458,"column":31}},{"start":{"line":458,"column":35},"end":{"line":458,"column":73}}],"line":458},"3":{"loc":{"start":{"line":477,"column":14},"end":{"line":477,"column":32}},"type":"binary-expr","locations":[{"start":{"line":477,"column":14},"end":{"line":477,"column":26}},{"start":{"line":477,"column":30},"end":{"line":477,"column":32}}],"line":477},"4":{"loc":{"start":{"line":478,"column":18},"end":{"line":478,"column":40}},"type":"binary-expr","locations":[{"start":{"line":478,"column":18},"end":{"line":478,"column":34}},{"start":{"line":478,"column":38},"end":{"line":478,"column":40}}],"line":478},"5":{"loc":{"start":{"line":491,"column":4},"end":{"line":494,"column":5}},"type":"if","locations":[{"start":{"line":491,"column":4},"end":{"line":494,"column":5}},{"start":{},"end":{}}],"line":491},"6":{"loc":{"start":{"line":502,"column":6},"end":{"line":502,"column":48}},"type":"if","locations":[{"start":{"line":502,"column":6},"end":{"line":502,"column":48}},{"start":{},"end":{}}],"line":502},"7":{"loc":{"start":{"line":503,"column":6},"end":{"line":503,"column":60}},"type":"if","locations":[{"start":{"line":503,"column":6},"end":{"line":503,"column":60}},{"start":{},"end":{}}],"line":503},"8":{"loc":{"start":{"line":513,"column":6},"end":{"line":533,"column":7}},"type":"if","locations":[{"start":{"line":513,"column":6},"end":{"line":533,"column":7}},{"start":{"line":531,"column":13},"end":{"line":533,"column":7}}],"line":513},"9":{"loc":{"start":{"line":518,"column":8},"end":{"line":521,"column":9}},"type":"if","locations":[{"start":{"line":518,"column":8},"end":{"line":521,"column":9}},{"start":{},"end":{}}],"line":518},"10":{"loc":{"start":{"line":519,"column":23},"end":{"line":519,"column":70}},"type":"binary-expr","locations":[{"start":{"line":519,"column":23},"end":{"line":519,"column":64}},{"start":{"line":519,"column":68},"end":{"line":519,"column":70}}],"line":519},"11":{"loc":{"start":{"line":520,"column":21},"end":{"line":520,"column":66}},"type":"binary-expr","locations":[{"start":{"line":520,"column":21},"end":{"line":520,"column":60}},{"start":{"line":520,"column":64},"end":{"line":520,"column":66}}],"line":520},"12":{"loc":{"start":{"line":532,"column":17},"end":{"line":532,"column":64}},"type":"binary-expr","locations":[{"start":{"line":532,"column":17},"end":{"line":532,"column":36}},{"start":{"line":532,"column":40},"end":{"line":532,"column":64}}],"line":532},"13":{"loc":{"start":{"line":535,"column":6},"end":{"line":539,"column":7}},"type":"if","locations":[{"start":{"line":535,"column":6},"end":{"line":539,"column":7}},{"start":{"line":537,"column":13},"end":{"line":539,"column":7}}],"line":535},"14":{"loc":{"start":{"line":535,"column":10},"end":{"line":535,"column":70}},"type":"binary-expr","locations":[{"start":{"line":535,"column":10},"end":{"line":535,"column":22}},{"start":{"line":535,"column":26},"end":{"line":535,"column":43}},{"start":{"line":535,"column":47},"end":{"line":535,"column":70}}],"line":535},"15":{"loc":{"start":{"line":538,"column":17},"end":{"line":538,"column":56}},"type":"binary-expr","locations":[{"start":{"line":538,"column":17},"end":{"line":538,"column":28}},{"start":{"line":538,"column":32},"end":{"line":538,"column":56}}],"line":538},"16":{"loc":{"start":{"line":552,"column":6},"end":{"line":552,"column":48}},"type":"if","locations":[{"start":{"line":552,"column":6},"end":{"line":552,"column":48}},{"start":{},"end":{}}],"line":552},"17":{"loc":{"start":{"line":553,"column":6},"end":{"line":553,"column":60}},"type":"if","locations":[{"start":{"line":553,"column":6},"end":{"line":553,"column":60}},{"start":{},"end":{}}],"line":553},"18":{"loc":{"start":{"line":558,"column":20},"end":{"line":558,"column":50}},"type":"binary-expr","locations":[{"start":{"line":558,"column":20},"end":{"line":558,"column":44}},{"start":{"line":558,"column":48},"end":{"line":558,"column":50}}],"line":558},"19":{"loc":{"start":{"line":561,"column":6},"end":{"line":566,"column":7}},"type":"if","locations":[{"start":{"line":561,"column":6},"end":{"line":566,"column":7}},{"start":{"line":564,"column":13},"end":{"line":566,"column":7}}],"line":561},"20":{"loc":{"start":{"line":565,"column":17},"end":{"line":565,"column":63}},"type":"binary-expr","locations":[{"start":{"line":565,"column":17},"end":{"line":565,"column":36}},{"start":{"line":565,"column":40},"end":{"line":565,"column":63}}],"line":565},"21":{"loc":{"start":{"line":568,"column":6},"end":{"line":572,"column":7}},"type":"if","locations":[{"start":{"line":568,"column":6},"end":{"line":572,"column":7}},{"start":{"line":570,"column":13},"end":{"line":572,"column":7}}],"line":568},"22":{"loc":{"start":{"line":568,"column":10},"end":{"line":568,"column":70}},"type":"binary-expr","locations":[{"start":{"line":568,"column":10},"end":{"line":568,"column":22}},{"start":{"line":568,"column":26},"end":{"line":568,"column":43}},{"start":{"line":568,"column":47},"end":{"line":568,"column":70}}],"line":568},"23":{"loc":{"start":{"line":571,"column":17},"end":{"line":571,"column":56}},"type":"binary-expr","locations":[{"start":{"line":571,"column":17},"end":{"line":571,"column":28}},{"start":{"line":571,"column":32},"end":{"line":571,"column":56}}],"line":571},"24":{"loc":{"start":{"line":584,"column":7},"end":{"line":635,"column":7}},"type":"binary-expr","locations":[{"start":{"line":584,"column":7},"end":{"line":584,"column":32}},{"start":{"line":585,"column":8},"end":{"line":634,"column":18}}],"line":584},"25":{"loc":{"start":{"line":592,"column":13},"end":{"line":592,"column":49}},"type":"cond-expr","locations":[{"start":{"line":592,"column":34},"end":{"line":592,"column":40}},{"start":{"line":592,"column":43},"end":{"line":592,"column":49}}],"line":592},"26":{"loc":{"start":{"line":596,"column":13},"end":{"line":632,"column":13}},"type":"binary-expr","locations":[{"start":{"line":596,"column":13},"end":{"line":596,"column":31}},{"start":{"line":597,"column":14},"end":{"line":631,"column":27}}],"line":596},"27":{"loc":{"start":{"line":667,"column":27},"end":{"line":667,"column":71}},"type":"cond-expr","locations":[{"start":{"line":667,"column":54},"end":{"line":667,"column":59}},{"start":{"line":667,"column":62},"end":{"line":667,"column":71}}],"line":667},"28":{"loc":{"start":{"line":672,"column":25},"end":{"line":672,"column":127}},"type":"cond-expr","locations":[{"start":{"line":672,"column":52},"end":{"line":672,"column":81}},{"start":{"line":672,"column":84},"end":{"line":672,"column":127}}],"line":672},"29":{"loc":{"start":{"line":674,"column":11},"end":{"line":678,"column":11}},"type":"binary-expr","locations":[{"start":{"line":674,"column":11},"end":{"line":674,"column":36}},{"start":{"line":675,"column":12},"end":{"line":677,"column":20}}],"line":674},"30":{"loc":{"start":{"line":681,"column":9},"end":{"line":703,"column":9}},"type":"binary-expr","locations":[{"start":{"line":681,"column":9},"end":{"line":681,"column":33}},{"start":{"line":682,"column":10},"end":{"line":702,"column":13}}],"line":681},"31":{"loc":{"start":{"line":707,"column":20},"end":{"line":707,"column":42}},"type":"binary-expr","locations":[{"start":{"line":707,"column":20},"end":{"line":707,"column":29}},{"start":{"line":707,"column":33},"end":{"line":707,"column":42}}],"line":707},"32":{"loc":{"start":{"line":711,"column":11},"end":{"line":718,"column":11}},"type":"cond-expr","locations":[{"start":{"line":712,"column":12},"end":{"line":715,"column":15}},{"start":{"line":717,"column":12},"end":{"line":717,"column":31}}],"line":711},"33":{"loc":{"start":{"line":722,"column":7},"end":{"line":722,"column":52}},"type":"binary-expr","locations":[{"start":{"line":722,"column":7},"end":{"line":722,"column":12}},{"start":{"line":722,"column":16},"end":{"line":722,"column":52}}],"line":722},"34":{"loc":{"start":{"line":723,"column":7},"end":{"line":723,"column":60}},"type":"binary-expr","locations":[{"start":{"line":723,"column":7},"end":{"line":723,"column":14}},{"start":{"line":723,"column":18},"end":{"line":723,"column":60}}],"line":723},"35":{"loc":{"start":{"line":725,"column":7},"end":{"line":730,"column":7}},"type":"binary-expr","locations":[{"start":{"line":725,"column":7},"end":{"line":725,"column":22}},{"start":{"line":726,"column":8},"end":{"line":729,"column":26}}],"line":725},"36":{"loc":{"start":{"line":753,"column":13},"end":{"line":781,"column":13}},"type":"binary-expr","locations":[{"start":{"line":753,"column":13},"end":{"line":753,"column":45}},{"start":{"line":754,"column":14},"end":{"line":780,"column":30}}],"line":753},"37":{"loc":{"start":{"line":756,"column":17},"end":{"line":771,"column":18}},"type":"binary-expr","locations":[{"start":{"line":756,"column":17},"end":{"line":756,"column":45}},{"start":{"line":756,"column":49},"end":{"line":771,"column":18}}],"line":756},"38":{"loc":{"start":{"line":758,"column":34},"end":{"line":758,"column":56}},"type":"binary-expr","locations":[{"start":{"line":758,"column":34},"end":{"line":758,"column":49}},{"start":{"line":758,"column":53},"end":{"line":758,"column":56}}],"line":758},"39":{"loc":{"start":{"line":761,"column":35},"end":{"line":761,"column":71}},"type":"binary-expr","locations":[{"start":{"line":761,"column":35},"end":{"line":761,"column":53}},{"start":{"line":761,"column":57},"end":{"line":761,"column":71}}],"line":761},"40":{"loc":{"start":{"line":785,"column":9},"end":{"line":787,"column":9}},"type":"binary-expr","locations":[{"start":{"line":785,"column":10},"end":{"line":785,"column":26}},{"start":{"line":785,"column":30},"end":{"line":785,"column":75}},{"start":{"line":786,"column":10},"end":{"line":786,"column":71}}],"line":785},"41":{"loc":{"start":{"line":800,"column":9},"end":{"line":814,"column":9}},"type":"cond-expr","locations":[{"start":{"line":801,"column":10},"end":{"line":811,"column":12}},{"start":{"line":813,"column":10},"end":{"line":813,"column":75}}],"line":800},"42":{"loc":{"start":{"line":827,"column":9},"end":{"line":840,"column":9}},"type":"cond-expr","locations":[{"start":{"line":828,"column":10},"end":{"line":837,"column":12}},{"start":{"line":839,"column":10},"end":{"line":839,"column":73}}],"line":827},"43":{"loc":{"start":{"line":863,"column":9},"end":{"line":863,"column":54}},"type":"binary-expr","locations":[{"start":{"line":863,"column":9},"end":{"line":863,"column":32}},{"start":{"line":863,"column":36},"end":{"line":863,"column":54}}],"line":863},"44":{"loc":{"start":{"line":864,"column":9},"end":{"line":864,"column":50}},"type":"binary-expr","locations":[{"start":{"line":864,"column":9},"end":{"line":864,"column":30}},{"start":{"line":864,"column":34},"end":{"line":864,"column":50}}],"line":864},"45":{"loc":{"start":{"line":865,"column":9},"end":{"line":865,"column":58}},"type":"binary-expr","locations":[{"start":{"line":865,"column":9},"end":{"line":865,"column":34}},{"start":{"line":865,"column":38},"end":{"line":865,"column":58}}],"line":865},"46":{"loc":{"start":{"line":866,"column":9},"end":{"line":866,"column":54}},"type":"binary-expr","locations":[{"start":{"line":866,"column":9},"end":{"line":866,"column":32}},{"start":{"line":866,"column":36},"end":{"line":866,"column":54}}],"line":866}},"s":{"0":0,"1":0,"2":0,"3":0,"4":0,"5":0,"6":0,"7":0,"8":0,"9":0,"10":0,"11":0,"12":0,"13":0,"14":0,"15":0,"16":0,"17":0,"18":0,"19":0,"20":0,"21":0,"22":0,"23":0,"24":0,"25":0,"26":0,"27":0,"28":0,"29":0,"30":0,"31":0,"32":0,"33":0,"34":0,"35":0,"36":0,"37":0,"38":0,"39":0,"40":0,"41":0,"42":0,"43":0,"44":0,"45":0,"46":0,"47":0,"48":0,"49":0,"50":0,"51":0,"52":0,"53":0,"54":0,"55":0,"56":0,"57":0,"58":0,"59":0,"60":0,"61":0,"62":0,"63":0,"64":0,"65":0,"66":0,"67":0,"68":0,"69":0,"70":0,"71":0,"72":0,"73":0,"74":0,"75":0,"76":0,"77":0,"78":0,"79":0,"80":0,"81":0,"82":0,"83":0,"84":0,"85":0,"86":0,"87":0,"88":0,"89":0,"90":0,"91":0,"92":0,"93":0,"94":0,"95":0,"96":0,"97":0,"98":0,"99":0,"100":0,"101":0,"102":0,"103":0,"104":0,"105":0,"106":0,"107":0,"108":0,"109":0,"110":0,"111":0,"112":0,"113":0,"114":0,"115":0,"116":0,"117":0,"118":0,"119":0,"120":0,"121":0,"122":0,"123":0,"124":0,"125":0,"126":0,"127":0,"128":0,"129":0,"130":0,"131":0,"132":0,"133":0,"134":0,"135":0,"136":0,"137":0,"138":0,"139":0,"140":0,"141":0,"142":0,"143":0,"144":0},"f":{"0":0,"1":0,"2":0,"3":0,"4":0,"5":0,"6":0,"7":0,"8":0,"9":0,"10":0,"11":0,"12":0,"13":0,"14":0,"15":0,"16":0,"17":0,"18":0,"19":0,"20":0,"21":0,"22":0,"23":0,"24":0,"25":0,"26":0,"27":0,"28":0,"29":0,"30":0,"31":0,"32":0,"33":0,"34":0,"35":0},"b":{"0":[0,0],"1":[0,0],"2":[0,0],"3":[0,0],"4":[0,0],"5":[0,0],"6":[0,0],"7":[0,0],"8":[0,0],"9":[0,0],"10":[0,0],"11":[0,0],"12":[0,0],"13":[0,0],"14":[0,0,0],"15":[0,0],"16":[0,0],"17":[0,0],"18":[0,0],"19":[0,0],"20":[0,0],"21":[0,0],"22":[0,0,0],"23":[0,0],"24":[0,0],"25":[0,0],"26":[0,0],"27":[0,0],"28":[0,0],"29":[0,0],"30":[0,0],"31":[0,0],"32":[0,0],"33":[0,0],"34":[0,0],"35":[0,0],"36":[0,0],"37":[0,0],"38":[0,0],"39":[0,0],"40":[0,0,0],"41":[0,0],"42":[0,0],"43":[0,0],"44":[0,0],"45":[0,0],"46":[0,0]}}
,"/Users/pedram/Projects/MCPeek/web/frontend/src/components/MatrixRain.js": {"path":"/Users/pedram/Projects/MCPeek/web/frontend/src/components/MatrixRain.js","statementMap":{"0":{"start":{"line":4,"column":24},"end":{"line":14,"column":1}},"1":{"start":{"line":12,"column":22},"end":{"line":12,"column":42}},"2":{"start":{"line":16,"column":15},"end":{"line":19,"column":1}},"3":{"start":{"line":21,"column":19},"end":{"line":151,"column":1}},"4":{"start":{"line":22,"column":20},"end":{"line":22,"column":32}},"5":{"start":{"line":23,"column":23},"end":{"line":23,"column":35}},"6":{"start":{"line":24,"column":36},"end":{"line":24,"column":50}},"7":{"start":{"line":25,"column":40},"end":{"line":25,"column":54}},"8":{"start":{"line":27,"column":2},"end":{"line":51,"column":9}},"9":{"start":{"line":29,"column":35},"end":{"line":31,"column":5}},"10":{"start":{"line":30,"column":6},"end":{"line":30,"column":39}},"11":{"start":{"line":33,"column":4},"end":{"line":33,"column":74}},"12":{"start":{"line":37,"column":4},"end":{"line":45,"column":5}},"13":{"start":{"line":38,"column":6},"end":{"line":43,"column":8}},"14":{"start":{"line":40,"column":10},"end":{"line":40,"column":45}},"15":{"start":{"line":44,"column":6},"end":{"line":44,"column":42}},"16":{"start":{"line":47,"column":4},"end":{"line":50,"column":6}},"17":{"start":{"line":48,"column":6},"end":{"line":48,"column":79}},"18":{"start":{"line":49,"column":6},"end":{"line":49,"column":42}},"19":{"start":{"line":49,"column":20},"end":{"line":49,"column":42}},"20":{"start":{"line":53,"column":2},"end":{"line":144,"column":37}},"21":{"start":{"line":54,"column":19},"end":{"line":54,"column":36}},"22":{"start":{"line":55,"column":4},"end":{"line":55,"column":24}},"23":{"start":{"line":55,"column":17},"end":{"line":55,"column":24}},"24":{"start":{"line":58,"column":4},"end":{"line":64,"column":5}},"25":{"start":{"line":59,"column":6},"end":{"line":62,"column":7}},"26":{"start":{"line":60,"column":8},"end":{"line":60,"column":51}},"27":{"start":{"line":61,"column":8},"end":{"line":61,"column":36}},"28":{"start":{"line":63,"column":6},"end":{"line":63,"column":13}},"29":{"start":{"line":66,"column":16},"end":{"line":66,"column":39}},"30":{"start":{"line":69,"column":25},"end":{"line":72,"column":5}},"31":{"start":{"line":70,"column":6},"end":{"line":70,"column":39}},"32":{"start":{"line":71,"column":6},"end":{"line":71,"column":41}},"33":{"start":{"line":74,"column":4},"end":{"line":74,"column":19}},"34":{"start":{"line":75,"column":4},"end":{"line":75,"column":52}},"35":{"start":{"line":78,"column":18},"end":{"line":78,"column":67}},"36":{"start":{"line":79,"column":22},"end":{"line":79,"column":37}},"37":{"start":{"line":81,"column":21},"end":{"line":81,"column":23}},"38":{"start":{"line":82,"column":20},"end":{"line":82,"column":55}},"39":{"start":{"line":83,"column":18},"end":{"line":83,"column":20}},"40":{"start":{"line":86,"column":4},"end":{"line":88,"column":5}},"41":{"start":{"line":86,"column":17},"end":{"line":86,"column":18}},"42":{"start":{"line":87,"column":6},"end":{"line":87,"column":38}},"43":{"start":{"line":90,"column":17},"end":{"line":120,"column":5}},"44":{"start":{"line":92,"column":6},"end":{"line":92,"column":44}},"45":{"start":{"line":93,"column":6},"end":{"line":93,"column":54}},"46":{"start":{"line":95,"column":6},"end":{"line":95,"column":32}},"47":{"start":{"line":96,"column":6},"end":{"line":96,"column":56}},"48":{"start":{"line":97,"column":6},"end":{"line":97,"column":31}},"49":{"start":{"line":99,"column":6},"end":{"line":119,"column":7}},"50":{"start":{"line":99,"column":19},"end":{"line":99,"column":20}},"51":{"start":{"line":101,"column":21},"end":{"line":101,"column":76}},"52":{"start":{"line":104,"column":18},"end":{"line":104,"column":45}},"53":{"start":{"line":105,"column":18},"end":{"line":105,"column":37}},"54":{"start":{"line":108,"column":22},"end":{"line":108,"column":47}},"55":{"start":{"line":109,"column":8},"end":{"line":109,"column":52}},"56":{"start":{"line":110,"column":8},"end":{"line":110,"column":33}},"57":{"start":{"line":113,"column":8},"end":{"line":113,"column":19}},"58":{"start":{"line":116,"column":8},"end":{"line":118,"column":9}},"59":{"start":{"line":117,"column":10},"end":{"line":117,"column":23}},"60":{"start":{"line":122,"column":20},"end":{"line":131,"column":5}},"61":{"start":{"line":124,"column":6},"end":{"line":127,"column":7}},"62":{"start":{"line":125,"column":8},"end":{"line":125,"column":36}},"63":{"start":{"line":126,"column":8},"end":{"line":126,"column":15}},"64":{"start":{"line":129,"column":6},"end":{"line":129,"column":13}},"65":{"start":{"line":130,"column":6},"end":{"line":130,"column":60}},"66":{"start":{"line":134,"column":4},"end":{"line":136,"column":5}},"67":{"start":{"line":135,"column":6},"end":{"line":135,"column":16}},"68":{"start":{"line":138,"column":4},"end":{"line":143,"column":6}},"69":{"start":{"line":139,"column":6},"end":{"line":139,"column":57}},"70":{"start":{"line":140,"column":6},"end":{"line":142,"column":7}},"71":{"start":{"line":141,"column":8},"end":{"line":141,"column":51}},"72":{"start":{"line":146,"column":2},"end":{"line":150,"column":4}}},"fnMap":{"0":{"name":"(anonymous_0)","decl":{"start":{"line":12,"column":13},"end":{"line":12,"column":14}},"loc":{"start":{"line":12,"column":22},"end":{"line":12,"column":42}},"line":12},"1":{"name":"(anonymous_1)","decl":{"start":{"line":21,"column":19},"end":{"line":21,"column":20}},"loc":{"start":{"line":21,"column":40},"end":{"line":151,"column":1}},"line":21},"2":{"name":"(anonymous_2)","decl":{"start":{"line":27,"column":12},"end":{"line":27,"column":13}},"loc":{"start":{"line":27,"column":18},"end":{"line":51,"column":3}},"line":27},"3":{"name":"(anonymous_3)","decl":{"start":{"line":29,"column":35},"end":{"line":29,"column":36}},"loc":{"start":{"line":29,"column":41},"end":{"line":31,"column":5}},"line":29},"4":{"name":"(anonymous_4)","decl":{"start":{"line":39,"column":8},"end":{"line":39,"column":9}},"loc":{"start":{"line":39,"column":21},"end":{"line":41,"column":9}},"line":39},"5":{"name":"(anonymous_5)","decl":{"start":{"line":47,"column":11},"end":{"line":47,"column":12}},"loc":{"start":{"line":47,"column":17},"end":{"line":50,"column":5}},"line":47},"6":{"name":"(anonymous_6)","decl":{"start":{"line":53,"column":12},"end":{"line":53,"column":13}},"loc":{"start":{"line":53,"column":18},"end":{"line":144,"column":3}},"line":53},"7":{"name":"(anonymous_7)","decl":{"start":{"line":69,"column":25},"end":{"line":69,"column":26}},"loc":{"start":{"line":69,"column":31},"end":{"line":72,"column":5}},"line":69},"8":{"name":"(anonymous_8)","decl":{"start":{"line":90,"column":17},"end":{"line":90,"column":18}},"loc":{"start":{"line":90,"column":23},"end":{"line":120,"column":5}},"line":90},"9":{"name":"(anonymous_9)","decl":{"start":{"line":122,"column":20},"end":{"line":122,"column":21}},"loc":{"start":{"line":122,"column":26},"end":{"line":131,"column":5}},"line":122},"10":{"name":"(anonymous_10)","decl":{"start":{"line":138,"column":11},"end":{"line":138,"column":12}},"loc":{"start":{"line":138,"column":17},"end":{"line":143,"column":5}},"line":138}},"branchMap":{"0":{"loc":{"start":{"line":12,"column":22},"end":{"line":12,"column":42}},"type":"cond-expr","locations":[{"start":{"line":12,"column":35},"end":{"line":12,"column":38}},{"start":{"line":12,"column":41},"end":{"line":12,"column":42}}],"line":12},"1":{"loc":{"start":{"line":21,"column":22},"end":{"line":21,"column":33}},"type":"default-arg","locations":[{"start":{"line":21,"column":29},"end":{"line":21,"column":33}}],"line":21},"2":{"loc":{"start":{"line":37,"column":4},"end":{"line":45,"column":5}},"type":"if","locations":[{"start":{"line":37,"column":4},"end":{"line":45,"column":5}},{"start":{},"end":{}}],"line":37},"3":{"loc":{"start":{"line":49,"column":6},"end":{"line":49,"column":42}},"type":"if","locations":[{"start":{"line":49,"column":6},"end":{"line":49,"column":42}},{"start":{},"end":{}}],"line":49},"4":{"loc":{"start":{"line":55,"column":4},"end":{"line":55,"column":24}},"type":"if","locations":[{"start":{"line":55,"column":4},"end":{"line":55,"column":24}},{"start":{},"end":{}}],"line":55},"5":{"loc":{"start":{"line":58,"column":4},"end":{"line":64,"column":5}},"type":"if","locations":[{"start":{"line":58,"column":4},"end":{"line":64,"column":5}},{"start":{},"end":{}}],"line":58},"6":{"loc":{"start":{"line":58,"column":8},"end":{"line":58,"column":43}},"type":"binary-expr","locations":[{"start":{"line":58,"column":8},"end":{"line":58,"column":13}},{"start":{"line":58,"column":17},"end":{"line":58,"column":27}},{"start":{"line":58,"column":31},"end":{"line":58,"column":43}}],"line":58},"7":{"loc":{"start":{"line":59,"column":6},"end":{"line":62,"column":7}},"type":"if","locations":[{"start":{"line":59,"column":6},"end":{"line":62,"column":7}},{"start":{},"end":{}}],"line":59},"8":{"loc":{"start":{"line":116,"column":8},"end":{"line":118,"column":9}},"type":"if","locations":[{"start":{"line":116,"column":8},"end":{"line":118,"column":9}},{"start":{},"end":{}}],"line":116},"9":{"loc":{"start":{"line":116,"column":12},"end":{"line":116,"column":72}},"type":"binary-expr","locations":[{"start":{"line":116,"column":12},"end":{"line":116,"column":47}},{"start":{"line":116,"column":51},"end":{"line":116,"column":72}}],"line":116},"10":{"loc":{"start":{"line":124,"column":6},"end":{"line":127,"column":7}},"type":"if","locations":[{"start":{"line":124,"column":6},"end":{"line":127,"column":7}},{"start":{},"end":{}}],"line":124},"11":{"loc":{"start":{"line":124,"column":10},"end":{"line":124,"column":45}},"type":"binary-expr","locations":[{"start":{"line":124,"column":10},"end":{"line":124,"column":15}},{"start":{"line":124,"column":19},"end":{"line":124,"column":29}},{"start":{"line":124,"column":33},"end":{"line":124,"column":45}}],"line":124},"12":{"loc":{"start":{"line":134,"column":4},"end":{"line":136,"column":5}},"type":"if","locations":[{"start":{"line":134,"column":4},"end":{"line":136,"column":5}},{"start":{},"end":{}}],"line":134},"13":{"loc":{"start":{"line":134,"column":8},"end":{"line":134,"column":40}},"type":"binary-expr","locations":[{"start":{"line":134,"column":8},"end":{"line":134,"column":12}},{"start":{"line":134,"column":16},"end":{"line":134,"column":25}},{"start":{"line":134,"column":29},"end":{"line":134,"column":40}}],"line":134},"14":{"loc":{"start":{"line":140,"column":6},"end":{"line":142,"column":7}},"type":"if","locations":[{"start":{"line":140,"column":6},"end":{"line":142,"column":7}},{"start":{},"end":{}}],"line":140}},"s":{"0":1,"1":10,"2":1,"3":1,"4":10,"5":10,"6":10,"7":10,"8":10,"9":10,"10":0,"11":10,"12":10,"13":10,"14":0,"15":10,"16":0,"17":0,"18":0,"19":0,"20":10,"21":0,"22":0,"23":0,"24":0,"25":0,"26":0,"27":0,"28":0,"29":0,"30":0,"31":0,"32":0,"33":0,"34":0,"35":0,"36":0,"37":0,"38":0,"39":0,"40":0,"41":0,"42":0,"43":0,"44":0,"45":0,"46":0,"47":0,"48":0,"49":0,"50":0,"51":0,"52":0,"53":0,"54":0,"55":0,"56":0,"57":0,"58":0,"59":0,"60":0,"61":0,"62":0,"63":0,"64":0,"65":0,"66":0,"67":0,"68":0,"69":0,"70":0,"71":0,"72":10},"f":{"0":10,"1":10,"2":10,"3":0,"4":0,"5":0,"6":0,"7":0,"8":0,"9":0,"10":0},"b":{"0":[9,1],"1":[8],"2":[10,0],"3":[0,0],"4":[0,0],"5":[0,0],"6":[0,0,0],"7":[0,0],"8":[0,0],"9":[0,0],"10":[0,0],"11":[0,0,0],"12":[0,0],"13":[0,0,0],"14":[0,0]},"_coverageSchema":"1a1c01bbd47fc00a2c39e90264f33305004495a9","hash":"54d203aff1c5f294932ef1214b809aa892bd277f"}
,"/Users/pedram/Projects/MCPeek/web/frontend/src/components/StatusBar.js": {"path":"/Users/pedram/Projects/MCPeek/web/frontend/src/components/StatusBar.js","statementMap":{"0":{"start":{"line":5,"column":14},"end":{"line":9,"column":1}},"1":{"start":{"line":11,"column":27},"end":{"line":32,"column":1}},"2":{"start":{"line":34,"column":22},"end":{"line":38,"column":1}},"3":{"start":{"line":40,"column":19},"end":{"line":63,"column":1}},"4":{"start":{"line":65,"column":18},"end":{"line":70,"column":1}},"5":{"start":{"line":72,"column":14},"end":{"line":76,"column":1}},"6":{"start":{"line":78,"column":20},"end":{"line":82,"column":1}},"7":{"start":{"line":84,"column":18},"end":{"line":194,"column":1}},"8":{"start":{"line":85,"column":40},"end":{"line":85,"column":60}},"9":{"start":{"line":86,"column":50},"end":{"line":86,"column":68}},"10":{"start":{"line":87,"column":38},"end":{"line":90,"column":4}},"11":{"start":{"line":92,"column":2},"end":{"line":122,"column":9}},"12":{"start":{"line":94,"column":26},"end":{"line":96,"column":12}},"13":{"start":{"line":95,"column":6},"end":{"line":95,"column":33}},"14":{"start":{"line":99,"column":24},"end":{"line":110,"column":5}},"15":{"start":{"line":100,"column":6},"end":{"line":109,"column":7}},"16":{"start":{"line":101,"column":25},"end":{"line":101,"column":51}},"17":{"start":{"line":102,"column":8},"end":{"line":106,"column":9}},"18":{"start":{"line":103,"column":10},"end":{"line":103,"column":40}},"19":{"start":{"line":105,"column":10},"end":{"line":105,"column":41}},"20":{"start":{"line":108,"column":8},"end":{"line":108,"column":39}},"21":{"start":{"line":113,"column":4},"end":{"line":113,"column":18}},"22":{"start":{"line":116,"column":27},"end":{"line":116,"column":58}},"23":{"start":{"line":118,"column":4},"end":{"line":121,"column":6}},"24":{"start":{"line":119,"column":6},"end":{"line":119,"column":35}},"25":{"start":{"line":120,"column":6},"end":{"line":120,"column":36}},"26":{"start":{"line":124,"column":21},"end":{"line":131,"column":3}},"27":{"start":{"line":125,"column":4},"end":{"line":130,"column":7}},"28":{"start":{"line":133,"column":21},"end":{"line":139,"column":3}},"29":{"start":{"line":134,"column":4},"end":{"line":138,"column":7}},"30":{"start":{"line":141,"column":2},"end":{"line":193,"column":4}}},"fnMap":{"0":{"name":"(anonymous_0)","decl":{"start":{"line":84,"column":18},"end":{"line":84,"column":19}},"loc":{"start":{"line":84,"column":24},"end":{"line":194,"column":1}},"line":84},"1":{"name":"(anonymous_1)","decl":{"start":{"line":92,"column":12},"end":{"line":92,"column":13}},"loc":{"start":{"line":92,"column":18},"end":{"line":122,"column":3}},"line":92},"2":{"name":"(anonymous_2)","decl":{"start":{"line":94,"column":38},"end":{"line":94,"column":39}},"loc":{"start":{"line":94,"column":44},"end":{"line":96,"column":5}},"line":94},"3":{"name":"(anonymous_3)","decl":{"start":{"line":99,"column":24},"end":{"line":99,"column":25}},"loc":{"start":{"line":99,"column":36},"end":{"line":110,"column":5}},"line":99},"4":{"name":"(anonymous_4)","decl":{"start":{"line":118,"column":11},"end":{"line":118,"column":12}},"loc":{"start":{"line":118,"column":17},"end":{"line":121,"column":5}},"line":118},"5":{"name":"(anonymous_5)","decl":{"start":{"line":124,"column":21},"end":{"line":124,"column":22}},"loc":{"start":{"line":124,"column":31},"end":{"line":131,"column":3}},"line":124},"6":{"name":"(anonymous_6)","decl":{"start":{"line":133,"column":21},"end":{"line":133,"column":22}},"loc":{"start":{"line":133,"column":31},"end":{"line":139,"column":3}},"line":133}},"branchMap":{"0":{"loc":{"start":{"line":102,"column":8},"end":{"line":106,"column":9}},"type":"if","locations":[{"start":{"line":102,"column":8},"end":{"line":106,"column":9}},{"start":{"line":104,"column":15},"end":{"line":106,"column":9}}],"line":102},"1":{"loc":{"start":{"line":177,"column":34},"end":{"line":177,"column":87}},"type":"cond-expr","locations":[{"start":{"line":177,"column":66},"end":{"line":177,"column":75}},{"start":{"line":177,"column":78},"end":{"line":177,"column":87}}],"line":177},"2":{"loc":{"start":{"line":178,"column":15},"end":{"line":178,"column":75}},"type":"cond-expr","locations":[{"start":{"line":178,"column":47},"end":{"line":178,"column":58}},{"start":{"line":178,"column":61},"end":{"line":178,"column":75}}],"line":178}},"s":{"0":0,"1":0,"2":0,"3":0,"4":0,"5":0,"6":0,"7":0,"8":0,"9":0,"10":0,"11":0,"12":0,"13":0,"14":0,"15":0,"16":0,"17":0,"18":0,"19":0,"20":0,"21":0,"22":0,"23":0,"24":0,"25":0,"26":0,"27":0,"28":0,"29":0,"30":0},"f":{"0":0,"1":0,"2":0,"3":0,"4":0,"5":0,"6":0},"b":{"0":[0,0],"1":[0,0],"2":[0,0]}}
,"/Users/pedram/Projects/MCPeek/web/frontend/src/components/Terminal.js": {"path":"/Users/pedram/Projects/MCPeek/web/frontend/src/components/Terminal.js","statementMap":{"0":{"start":{"line":8,"column":14},"end":{"line":10,"column":1}},"1":{"start":{"line":12,"column":24},"end":{"line":25,"column":1}},"2":{"start":{"line":27,"column":19},"end":{"line":58,"column":1}},"3":{"start":{"line":60,"column":18},"end":{"line":70,"column":1}},"4":{"start":{"line":72,"column":21},"end":{"line":85,"column":1}},"5":{"start":{"line":87,"column":15},"end":{"line":94,"column":1}},"6":{"start":{"line":96,"column":22},"end":{"line":127,"column":1}},"7":{"start":{"line":129,"column":19},"end":{"line":156,"column":1}},"8":{"start":{"line":158,"column":17},"end":{"line":168,"column":1}},"9":{"start":{"line":170,"column":17},"end":{"line":594,"column":1}},"10":{"start":{"line":171,"column":30},"end":{"line":171,"column":42}},"11":{"start":{"line":172,"column":42},"end":{"line":172,"column":54}},"12":{"start":{"line":173,"column":46},"end":{"line":173,"column":58}},"13":{"start":{"line":174,"column":42},"end":{"line":174,"column":54}},"14":{"start":{"line":175,"column":40},"end":{"line":175,"column":52}},"15":{"start":{"line":176,"column":54},"end":{"line":176,"column":65}},"16":{"start":{"line":177,"column":48},"end":{"line":177,"column":63}},"17":{"start":{"line":178,"column":48},"end":{"line":178,"column":60}},"18":{"start":{"line":179,"column":40},"end":{"line":179,"column":80}},"19":{"start":{"line":180,"column":40},"end":{"line":180,"column":55}},"20":{"start":{"line":182,"column":19},"end":{"line":182,"column":31}},"21":{"start":{"line":183,"column":22},"end":{"line":183,"column":34}},"22":{"start":{"line":185,"column":2},"end":{"line":195,"column":9}},"23":{"start":{"line":187,"column":4},"end":{"line":187,"column":66}},"24":{"start":{"line":188,"column":4},"end":{"line":188,"column":60}},"25":{"start":{"line":189,"column":4},"end":{"line":189,"column":18}},"26":{"start":{"line":192,"column":4},"end":{"line":194,"column":5}},"27":{"start":{"line":193,"column":6},"end":{"line":193,"column":31}},"28":{"start":{"line":197,"column":2},"end":{"line":202,"column":15}},"29":{"start":{"line":199,"column":4},"end":{"line":201,"column":5}},"30":{"start":{"line":200,"column":6},"end":{"line":200,"column":71}},"31":{"start":{"line":204,"column":20},"end":{"line":206,"column":3}},"32":{"start":{"line":205,"column":4},"end":{"line":205,"column":81}},"33":{"start":{"line":205,"column":22},"end":{"line":205,"column":79}},"34":{"start":{"line":208,"column":25},"end":{"line":284,"column":3}},"35":{"start":{"line":209,"column":4},"end":{"line":209,"column":32}},"36":{"start":{"line":209,"column":25},"end":{"line":209,"column":32}},"37":{"start":{"line":211,"column":4},"end":{"line":211,"column":25}},"38":{"start":{"line":212,"column":4},"end":{"line":212,"column":41}},"39":{"start":{"line":214,"column":18},"end":{"line":214,"column":43}},"40":{"start":{"line":215,"column":16},"end":{"line":215,"column":38}},"41":{"start":{"line":216,"column":17},"end":{"line":216,"column":31}},"42":{"start":{"line":218,"column":4},"end":{"line":281,"column":5}},"43":{"start":{"line":219,"column":6},"end":{"line":278,"column":7}},"44":{"start":{"line":221,"column":10},"end":{"line":221,"column":51}},"45":{"start":{"line":222,"column":10},"end":{"line":224,"column":13}},"46":{"start":{"line":223,"column":12},"end":{"line":223,"column":65}},"47":{"start":{"line":225,"column":10},"end":{"line":225,"column":16}},"48":{"start":{"line":228,"column":10},"end":{"line":228,"column":24}},"49":{"start":{"line":229,"column":10},"end":{"line":229,"column":16}},"50":{"start":{"line":232,"column":10},"end":{"line":237,"column":11}},"51":{"start":{"line":233,"column":12},"end":{"line":233,"column":80}},"52":{"start":{"line":235,"column":12},"end":{"line":235,"column":47}},"53":{"start":{"line":236,"column":12},"end":{"line":236,"column":71}},"54":{"start":{"line":238,"column":10},"end":{"line":238,"column":16}},"55":{"start":{"line":241,"column":10},"end":{"line":249,"column":11}},"56":{"start":{"line":242,"column":12},"end":{"line":242,"column":79}},"57":{"start":{"line":243,"column":17},"end":{"line":249,"column":11}},"58":{"start":{"line":244,"column":12},"end":{"line":244,"column":87}},"59":{"start":{"line":244,"column":36},"end":{"line":244,"column":84}},"60":{"start":{"line":245,"column":12},"end":{"line":245,"column":52}},"61":{"start":{"line":247,"column":12},"end":{"line":247,"column":67}},"62":{"start":{"line":247,"column":36},"end":{"line":247,"column":64}},"63":{"start":{"line":248,"column":12},"end":{"line":248,"column":48}},"64":{"start":{"line":250,"column":10},"end":{"line":250,"column":16}},"65":{"start":{"line":253,"column":10},"end":{"line":253,"column":47}},"66":{"start":{"line":254,"column":10},"end":{"line":254,"column":74}},"67":{"start":{"line":255,"column":10},"end":{"line":255,"column":89}},"68":{"start":{"line":256,"column":10},"end":{"line":256,"column":97}},"69":{"start":{"line":257,"column":10},"end":{"line":257,"column":16}},"70":{"start":{"line":260,"column":10},"end":{"line":260,"column":38}},"71":{"start":{"line":261,"column":10},"end":{"line":261,"column":16}},"72":{"start":{"line":264,"column":10},"end":{"line":264,"column":34}},"73":{"start":{"line":265,"column":10},"end":{"line":265,"column":16}},"74":{"start":{"line":268,"column":10},"end":{"line":268,"column":38}},"75":{"start":{"line":269,"column":10},"end":{"line":269,"column":16}},"76":{"start":{"line":272,"column":10},"end":{"line":272,"column":36}},"77":{"start":{"line":273,"column":10},"end":{"line":273,"column":16}},"78":{"start":{"line":276,"column":10},"end":{"line":276,"column":56}},"79":{"start":{"line":277,"column":10},"end":{"line":277,"column":66}},"80":{"start":{"line":280,"column":6},"end":{"line":280,"column":52}},"81":{"start":{"line":283,"column":4},"end":{"line":283,"column":26}},"82":{"start":{"line":286,"column":26},"end":{"line":319,"column":3}},"83":{"start":{"line":287,"column":4},"end":{"line":290,"column":5}},"84":{"start":{"line":288,"column":6},"end":{"line":288,"column":79}},"85":{"start":{"line":289,"column":6},"end":{"line":289,"column":13}},"86":{"start":{"line":292,"column":4},"end":{"line":292,"column":62}},"87":{"start":{"line":294,"column":4},"end":{"line":318,"column":5}},"88":{"start":{"line":295,"column":22},"end":{"line":295,"column":24}},"89":{"start":{"line":296,"column":6},"end":{"line":298,"column":7}},"90":{"start":{"line":297,"column":8},"end":{"line":297,"column":50}},"91":{"start":{"line":299,"column":6},"end":{"line":301,"column":7}},"92":{"start":{"line":300,"column":8},"end":{"line":300,"column":58}},"93":{"start":{"line":303,"column":23},"end":{"line":307,"column":21}},"94":{"start":{"line":309,"column":6},"end":{"line":315,"column":7}},"95":{"start":{"line":310,"column":8},"end":{"line":310,"column":66}},"96":{"start":{"line":311,"column":8},"end":{"line":311,"column":22}},"97":{"start":{"line":312,"column":8},"end":{"line":312,"column":45}},"98":{"start":{"line":314,"column":8},"end":{"line":314,"column":71}},"99":{"start":{"line":317,"column":6},"end":{"line":317,"column":60}},"100":{"start":{"line":321,"column":22},"end":{"line":374,"column":3}},"101":{"start":{"line":322,"column":4},"end":{"line":325,"column":5}},"102":{"start":{"line":323,"column":6},"end":{"line":323,"column":79}},"103":{"start":{"line":324,"column":6},"end":{"line":324,"column":13}},"104":{"start":{"line":327,"column":4},"end":{"line":330,"column":5}},"105":{"start":{"line":328,"column":6},"end":{"line":328,"column":69}},"106":{"start":{"line":329,"column":6},"end":{"line":329,"column":13}},"107":{"start":{"line":332,"column":21},"end":{"line":332,"column":28}},"108":{"start":{"line":333,"column":21},"end":{"line":333,"column":25}},"109":{"start":{"line":336,"column":4},"end":{"line":345,"column":5}},"110":{"start":{"line":337,"column":6},"end":{"line":344,"column":7}},"111":{"start":{"line":338,"column":27},"end":{"line":338,"column":50}},"112":{"start":{"line":339,"column":8},"end":{"line":339,"column":44}},"113":{"start":{"line":341,"column":8},"end":{"line":341,"column":80}},"114":{"start":{"line":342,"column":8},"end":{"line":342,"column":72}},"115":{"start":{"line":343,"column":8},"end":{"line":343,"column":15}},"116":{"start":{"line":347,"column":4},"end":{"line":347,"column":53}},"117":{"start":{"line":349,"column":4},"end":{"line":373,"column":5}},"118":{"start":{"line":350,"column":22},"end":{"line":350,"column":24}},"119":{"start":{"line":351,"column":6},"end":{"line":353,"column":7}},"120":{"start":{"line":352,"column":8},"end":{"line":352,"column":50}},"121":{"start":{"line":354,"column":6},"end":{"line":356,"column":7}},"122":{"start":{"line":355,"column":8},"end":{"line":355,"column":58}},"123":{"start":{"line":358,"column":23},"end":{"line":362,"column":21}},"124":{"start":{"line":364,"column":6},"end":{"line":370,"column":7}},"125":{"start":{"line":365,"column":8},"end":{"line":365,"column":60}},"126":{"start":{"line":366,"column":8},"end":{"line":366,"column":22}},"127":{"start":{"line":367,"column":8},"end":{"line":367,"column":45}},"128":{"start":{"line":369,"column":8},"end":{"line":369,"column":76}},"129":{"start":{"line":372,"column":6},"end":{"line":372,"column":60}},"130":{"start":{"line":376,"column":26},"end":{"line":415,"column":3}},"131":{"start":{"line":377,"column":4},"end":{"line":380,"column":5}},"132":{"start":{"line":378,"column":6},"end":{"line":378,"column":79}},"133":{"start":{"line":379,"column":6},"end":{"line":379,"column":13}},"134":{"start":{"line":382,"column":4},"end":{"line":385,"column":5}},"135":{"start":{"line":383,"column":6},"end":{"line":383,"column":58}},"136":{"start":{"line":384,"column":6},"end":{"line":384,"column":13}},"137":{"start":{"line":387,"column":24},"end":{"line":387,"column":38}},"138":{"start":{"line":389,"column":4},"end":{"line":389,"column":58}},"139":{"start":{"line":391,"column":4},"end":{"line":414,"column":5}},"140":{"start":{"line":392,"column":22},"end":{"line":392,"column":24}},"141":{"start":{"line":393,"column":6},"end":{"line":395,"column":7}},"142":{"start":{"line":394,"column":8},"end":{"line":394,"column":50}},"143":{"start":{"line":396,"column":6},"end":{"line":398,"column":7}},"144":{"start":{"line":397,"column":8},"end":{"line":397,"column":58}},"145":{"start":{"line":400,"column":23},"end":{"line":403,"column":21}},"146":{"start":{"line":405,"column":6},"end":{"line":411,"column":7}},"147":{"start":{"line":406,"column":8},"end":{"line":406,"column":60}},"148":{"start":{"line":407,"column":8},"end":{"line":407,"column":22}},"149":{"start":{"line":408,"column":8},"end":{"line":408,"column":45}},"150":{"start":{"line":410,"column":8},"end":{"line":410,"column":75}},"151":{"start":{"line":413,"column":6},"end":{"line":413,"column":60}},"152":{"start":{"line":417,"column":24},"end":{"line":470,"column":3}},"153":{"start":{"line":418,"column":4},"end":{"line":421,"column":5}},"154":{"start":{"line":419,"column":6},"end":{"line":419,"column":79}},"155":{"start":{"line":420,"column":6},"end":{"line":420,"column":13}},"156":{"start":{"line":423,"column":4},"end":{"line":426,"column":5}},"157":{"start":{"line":424,"column":6},"end":{"line":424,"column":73}},"158":{"start":{"line":425,"column":6},"end":{"line":425,"column":13}},"159":{"start":{"line":428,"column":23},"end":{"line":428,"column":30}},"160":{"start":{"line":429,"column":21},"end":{"line":429,"column":25}},"161":{"start":{"line":432,"column":4},"end":{"line":441,"column":5}},"162":{"start":{"line":433,"column":6},"end":{"line":440,"column":7}},"163":{"start":{"line":434,"column":27},"end":{"line":434,"column":50}},"164":{"start":{"line":435,"column":8},"end":{"line":435,"column":44}},"165":{"start":{"line":437,"column":8},"end":{"line":437,"column":80}},"166":{"start":{"line":438,"column":8},"end":{"line":438,"column":81}},"167":{"start":{"line":439,"column":8},"end":{"line":439,"column":15}},"168":{"start":{"line":443,"column":4},"end":{"line":443,"column":55}},"169":{"start":{"line":445,"column":4},"end":{"line":469,"column":5}},"170":{"start":{"line":446,"column":22},"end":{"line":446,"column":24}},"171":{"start":{"line":447,"column":6},"end":{"line":449,"column":7}},"172":{"start":{"line":448,"column":8},"end":{"line":448,"column":50}},"173":{"start":{"line":450,"column":6},"end":{"line":452,"column":7}},"174":{"start":{"line":451,"column":8},"end":{"line":451,"column":58}},"175":{"start":{"line":454,"column":23},"end":{"line":458,"column":21}},"176":{"start":{"line":460,"column":6},"end":{"line":466,"column":7}},"177":{"start":{"line":461,"column":8},"end":{"line":461,"column":63}},"178":{"start":{"line":462,"column":8},"end":{"line":462,"column":22}},"179":{"start":{"line":463,"column":8},"end":{"line":463,"column":45}},"180":{"start":{"line":465,"column":8},"end":{"line":465,"column":78}},"181":{"start":{"line":468,"column":6},"end":{"line":468,"column":60}},"182":{"start":{"line":472,"column":27},"end":{"line":479,"column":3}},"183":{"start":{"line":473,"column":4},"end":{"line":478,"column":8}},"184":{"start":{"line":473,"column":22},"end":{"line":478,"column":6}},"185":{"start":{"line":481,"column":28},"end":{"line":496,"column":3}},"186":{"start":{"line":482,"column":18},"end":{"line":482,"column":32}},"187":{"start":{"line":483,"column":4},"end":{"line":483,"column":27}},"188":{"start":{"line":486,"column":4},"end":{"line":495,"column":5}},"189":{"start":{"line":487,"column":22},"end":{"line":489,"column":7}},"190":{"start":{"line":488,"column":8},"end":{"line":488,"column":57}},"191":{"start":{"line":490,"column":6},"end":{"line":490,"column":30}},"192":{"start":{"line":491,"column":6},"end":{"line":491,"column":45}},"193":{"start":{"line":492,"column":6},"end":{"line":492,"column":31}},"194":{"start":{"line":494,"column":6},"end":{"line":494,"column":32}},"195":{"start":{"line":498,"column":24},"end":{"line":542,"column":3}},"196":{"start":{"line":499,"column":4},"end":{"line":541,"column":5}},"197":{"start":{"line":500,"column":6},"end":{"line":500,"column":25}},"198":{"start":{"line":501,"column":6},"end":{"line":509,"column":7}},"199":{"start":{"line":502,"column":8},"end":{"line":502,"column":57}},"200":{"start":{"line":503,"column":8},"end":{"line":503,"column":34}},"201":{"start":{"line":505,"column":8},"end":{"line":505,"column":37}},"202":{"start":{"line":506,"column":8},"end":{"line":506,"column":59}},"203":{"start":{"line":506,"column":34},"end":{"line":506,"column":57}},"204":{"start":{"line":507,"column":8},"end":{"line":507,"column":28}},"205":{"start":{"line":508,"column":8},"end":{"line":508,"column":28}},"206":{"start":{"line":510,"column":11},"end":{"line":541,"column":5}},"207":{"start":{"line":511,"column":6},"end":{"line":511,"column":25}},"208":{"start":{"line":512,"column":6},"end":{"line":518,"column":7}},"209":{"start":{"line":513,"column":8},"end":{"line":513,"column":61}},"210":{"start":{"line":513,"column":38},"end":{"line":513,"column":59}},"211":{"start":{"line":514,"column":13},"end":{"line":518,"column":7}},"212":{"start":{"line":515,"column":25},"end":{"line":515,"column":104}},"213":{"start":{"line":516,"column":8},"end":{"line":516,"column":34}},"214":{"start":{"line":517,"column":8},"end":{"line":517,"column":50}},"215":{"start":{"line":519,"column":11},"end":{"line":541,"column":5}},"216":{"start":{"line":520,"column":6},"end":{"line":520,"column":25}},"217":{"start":{"line":521,"column":6},"end":{"line":532,"column":7}},"218":{"start":{"line":522,"column":8},"end":{"line":522,"column":82}},"219":{"start":{"line":522,"column":38},"end":{"line":522,"column":80}},"220":{"start":{"line":523,"column":13},"end":{"line":532,"column":7}},"221":{"start":{"line":524,"column":25},"end":{"line":524,"column":78}},"222":{"start":{"line":525,"column":8},"end":{"line":531,"column":9}},"223":{"start":{"line":526,"column":10},"end":{"line":526,"column":30}},"224":{"start":{"line":527,"column":10},"end":{"line":527,"column":30}},"225":{"start":{"line":529,"column":10},"end":{"line":529,"column":36}},"226":{"start":{"line":530,"column":10},"end":{"line":530,"column":52}},"227":{"start":{"line":533,"column":11},"end":{"line":541,"column":5}},"228":{"start":{"line":534,"column":6},"end":{"line":534,"column":25}},"229":{"start":{"line":535,"column":6},"end":{"line":538,"column":7}},"230":{"start":{"line":536,"column":8},"end":{"line":536,"column":57}},"231":{"start":{"line":537,"column":8},"end":{"line":537,"column":34}},"232":{"start":{"line":539,"column":11},"end":{"line":541,"column":5}},"233":{"start":{"line":540,"column":6},"end":{"line":540,"column":32}},"234":{"start":{"line":544,"column":2},"end":{"line":593,"column":4}},"235":{"start":{"line":548,"column":10},"end":{"line":556,"column":23}},"236":{"start":{"line":564,"column":14},"end":{"line":574,"column":20}},"237":{"start":{"line":568,"column":18},"end":{"line":568,"column":46}},"238":{"start":{"line":569,"column":18},"end":{"line":569,"column":44}},"239":{"start":{"line":570,"column":18},"end":{"line":570,"column":44}}},"fnMap":{"0":{"name":"(anonymous_0)","decl":{"start":{"line":170,"column":17},"end":{"line":170,"column":18}},"loc":{"start":{"line":170,"column":23},"end":{"line":594,"column":1}},"line":170},"1":{"name":"(anonymous_1)","decl":{"start":{"line":185,"column":12},"end":{"line":185,"column":13}},"loc":{"start":{"line":185,"column":18},"end":{"line":195,"column":3}},"line":185},"2":{"name":"(anonymous_2)","decl":{"start":{"line":197,"column":12},"end":{"line":197,"column":13}},"loc":{"start":{"line":197,"column":18},"end":{"line":202,"column":3}},"line":197},"3":{"name":"(anonymous_3)","decl":{"start":{"line":204,"column":20},"end":{"line":204,"column":21}},"loc":{"start":{"line":204,"column":47},"end":{"line":206,"column":3}},"line":204},"4":{"name":"(anonymous_4)","decl":{"start":{"line":205,"column":14},"end":{"line":205,"column":15}},"loc":{"start":{"line":205,"column":22},"end":{"line":205,"column":79}},"line":205},"5":{"name":"(anonymous_5)","decl":{"start":{"line":208,"column":25},"end":{"line":208,"column":26}},"loc":{"start":{"line":208,"column":44},"end":{"line":284,"column":3}},"line":208},"6":{"name":"(anonymous_6)","decl":{"start":{"line":222,"column":43},"end":{"line":222,"column":44}},"loc":{"start":{"line":222,"column":60},"end":{"line":224,"column":11}},"line":222},"7":{"name":"(anonymous_7)","decl":{"start":{"line":244,"column":27},"end":{"line":244,"column":28}},"loc":{"start":{"line":244,"column":36},"end":{"line":244,"column":84}},"line":244},"8":{"name":"(anonymous_8)","decl":{"start":{"line":247,"column":27},"end":{"line":247,"column":28}},"loc":{"start":{"line":247,"column":36},"end":{"line":247,"column":64}},"line":247},"9":{"name":"(anonymous_9)","decl":{"start":{"line":286,"column":26},"end":{"line":286,"column":27}},"loc":{"start":{"line":286,"column":42},"end":{"line":319,"column":3}},"line":286},"10":{"name":"(anonymous_10)","decl":{"start":{"line":321,"column":22},"end":{"line":321,"column":23}},"loc":{"start":{"line":321,"column":38},"end":{"line":374,"column":3}},"line":321},"11":{"name":"(anonymous_11)","decl":{"start":{"line":376,"column":26},"end":{"line":376,"column":27}},"loc":{"start":{"line":376,"column":42},"end":{"line":415,"column":3}},"line":376},"12":{"name":"(anonymous_12)","decl":{"start":{"line":417,"column":24},"end":{"line":417,"column":25}},"loc":{"start":{"line":417,"column":40},"end":{"line":470,"column":3}},"line":417},"13":{"name":"(anonymous_13)","decl":{"start":{"line":472,"column":27},"end":{"line":472,"column":28}},"loc":{"start":{"line":472,"column":37},"end":{"line":479,"column":3}},"line":472},"14":{"name":"(anonymous_14)","decl":{"start":{"line":473,"column":14},"end":{"line":473,"column":15}},"loc":{"start":{"line":473,"column":22},"end":{"line":478,"column":6}},"line":473},"15":{"name":"(anonymous_15)","decl":{"start":{"line":481,"column":28},"end":{"line":481,"column":29}},"loc":{"start":{"line":481,"column":35},"end":{"line":496,"column":3}},"line":481},"16":{"name":"(anonymous_16)","decl":{"start":{"line":487,"column":51},"end":{"line":487,"column":52}},"loc":{"start":{"line":488,"column":8},"end":{"line":488,"column":57}},"line":488},"17":{"name":"(anonymous_17)","decl":{"start":{"line":498,"column":24},"end":{"line":498,"column":25}},"loc":{"start":{"line":498,"column":31},"end":{"line":542,"column":3}},"line":498},"18":{"name":"(anonymous_18)","decl":{"start":{"line":506,"column":26},"end":{"line":506,"column":27}},"loc":{"start":{"line":506,"column":34},"end":{"line":506,"column":57}},"line":506},"19":{"name":"(anonymous_19)","decl":{"start":{"line":513,"column":30},"end":{"line":513,"column":31}},"loc":{"start":{"line":513,"column":38},"end":{"line":513,"column":59}},"line":513},"20":{"name":"(anonymous_20)","decl":{"start":{"line":522,"column":30},"end":{"line":522,"column":31}},"loc":{"start":{"line":522,"column":38},"end":{"line":522,"column":80}},"line":522},"21":{"name":"(anonymous_21)","decl":{"start":{"line":547,"column":20},"end":{"line":547,"column":21}},"loc":{"start":{"line":548,"column":10},"end":{"line":556,"column":23}},"line":548},"22":{"name":"(anonymous_22)","decl":{"start":{"line":563,"column":29},"end":{"line":563,"column":30}},"loc":{"start":{"line":564,"column":14},"end":{"line":574,"column":20}},"line":564},"23":{"name":"(anonymous_23)","decl":{"start":{"line":567,"column":25},"end":{"line":567,"column":26}},"loc":{"start":{"line":567,"column":31},"end":{"line":571,"column":17}},"line":567}},"branchMap":{"0":{"loc":{"start":{"line":192,"column":4},"end":{"line":194,"column":5}},"type":"if","locations":[{"start":{"line":192,"column":4},"end":{"line":194,"column":5}},{"start":{},"end":{}}],"line":192},"1":{"loc":{"start":{"line":199,"column":4},"end":{"line":201,"column":5}},"type":"if","locations":[{"start":{"line":199,"column":4},"end":{"line":201,"column":5}},{"start":{},"end":{}}],"line":199},"2":{"loc":{"start":{"line":204,"column":27},"end":{"line":204,"column":42}},"type":"default-arg","locations":[{"start":{"line":204,"column":34},"end":{"line":204,"column":42}}],"line":204},"3":{"loc":{"start":{"line":209,"column":4},"end":{"line":209,"column":32}},"type":"if","locations":[{"start":{"line":209,"column":4},"end":{"line":209,"column":32}},{"start":{},"end":{}}],"line":209},"4":{"loc":{"start":{"line":219,"column":6},"end":{"line":278,"column":7}},"type":"switch","locations":[{"start":{"line":220,"column":8},"end":{"line":225,"column":16}},{"start":{"line":227,"column":8},"end":{"line":229,"column":16}},{"start":{"line":231,"column":8},"end":{"line":238,"column":16}},{"start":{"line":240,"column":8},"end":{"line":250,"column":16}},{"start":{"line":252,"column":8},"end":{"line":257,"column":16}},{"start":{"line":259,"column":8},"end":{"line":261,"column":16}},{"start":{"line":263,"column":8},"end":{"line":265,"column":16}},{"start":{"line":267,"column":8},"end":{"line":269,"column":16}},{"start":{"line":271,"column":8},"end":{"line":273,"column":16}},{"start":{"line":275,"column":8},"end":{"line":277,"column":66}}],"line":219},"5":{"loc":{"start":{"line":232,"column":10},"end":{"line":237,"column":11}},"type":"if","locations":[{"start":{"line":232,"column":10},"end":{"line":237,"column":11}},{"start":{"line":234,"column":17},"end":{"line":237,"column":11}}],"line":232},"6":{"loc":{"start":{"line":233,"column":43},"end":{"line":233,"column":68}},"type":"binary-expr","locations":[{"start":{"line":233,"column":43},"end":{"line":233,"column":58}},{"start":{"line":233,"column":62},"end":{"line":233,"column":68}}],"line":233},"7":{"loc":{"start":{"line":241,"column":10},"end":{"line":249,"column":11}},"type":"if","locations":[{"start":{"line":241,"column":10},"end":{"line":249,"column":11}},{"start":{"line":243,"column":17},"end":{"line":249,"column":11}}],"line":241},"8":{"loc":{"start":{"line":243,"column":17},"end":{"line":249,"column":11}},"type":"if","locations":[{"start":{"line":243,"column":17},"end":{"line":249,"column":11}},{"start":{"line":246,"column":17},"end":{"line":249,"column":11}}],"line":243},"9":{"loc":{"start":{"line":254,"column":35},"end":{"line":254,"column":60}},"type":"binary-expr","locations":[{"start":{"line":254,"column":35},"end":{"line":254,"column":50}},{"start":{"line":254,"column":54},"end":{"line":254,"column":60}}],"line":254},"10":{"loc":{"start":{"line":255,"column":34},"end":{"line":255,"column":75}},"type":"cond-expr","locations":[{"start":{"line":255,"column":55},"end":{"line":255,"column":66}},{"start":{"line":255,"column":69},"end":{"line":255,"column":75}}],"line":255},"11":{"loc":{"start":{"line":256,"column":38},"end":{"line":256,"column":83}},"type":"cond-expr","locations":[{"start":{"line":256,"column":63},"end":{"line":256,"column":74}},{"start":{"line":256,"column":77},"end":{"line":256,"column":83}}],"line":256},"12":{"loc":{"start":{"line":287,"column":4},"end":{"line":290,"column":5}},"type":"if","locations":[{"start":{"line":287,"column":4},"end":{"line":290,"column":5}},{"start":{},"end":{}}],"line":287},"13":{"loc":{"start":{"line":296,"column":6},"end":{"line":298,"column":7}},"type":"if","locations":[{"start":{"line":296,"column":6},"end":{"line":298,"column":7}},{"start":{},"end":{}}],"line":296},"14":{"loc":{"start":{"line":299,"column":6},"end":{"line":301,"column":7}},"type":"if","locations":[{"start":{"line":299,"column":6},"end":{"line":301,"column":7}},{"start":{},"end":{}}],"line":299},"15":{"loc":{"start":{"line":305,"column":19},"end":{"line":305,"column":101}},"type":"cond-expr","locations":[{"start":{"line":305,"column":41},"end":{"line":305,"column":42}},{"start":{"line":305,"column":45},"end":{"line":305,"column":101}}],"line":305},"16":{"loc":{"start":{"line":305,"column":45},"end":{"line":305,"column":101}},"type":"cond-expr","locations":[{"start":{"line":305,"column":68},"end":{"line":305,"column":69}},{"start":{"line":305,"column":72},"end":{"line":305,"column":101}}],"line":305},"17":{"loc":{"start":{"line":305,"column":72},"end":{"line":305,"column":101}},"type":"cond-expr","locations":[{"start":{"line":305,"column":96},"end":{"line":305,"column":97}},{"start":{"line":305,"column":100},"end":{"line":305,"column":101}}],"line":305},"18":{"loc":{"start":{"line":309,"column":6},"end":{"line":315,"column":7}},"type":"if","locations":[{"start":{"line":309,"column":6},"end":{"line":315,"column":7}},{"start":{"line":313,"column":13},"end":{"line":315,"column":7}}],"line":309},"19":{"loc":{"start":{"line":322,"column":4},"end":{"line":325,"column":5}},"type":"if","locations":[{"start":{"line":322,"column":4},"end":{"line":325,"column":5}},{"start":{},"end":{}}],"line":322},"20":{"loc":{"start":{"line":327,"column":4},"end":{"line":330,"column":5}},"type":"if","locations":[{"start":{"line":327,"column":4},"end":{"line":330,"column":5}},{"start":{},"end":{}}],"line":327},"21":{"loc":{"start":{"line":336,"column":4},"end":{"line":345,"column":5}},"type":"if","locations":[{"start":{"line":336,"column":4},"end":{"line":345,"column":5}},{"start":{},"end":{}}],"line":336},"22":{"loc":{"start":{"line":351,"column":6},"end":{"line":353,"column":7}},"type":"if","locations":[{"start":{"line":351,"column":6},"end":{"line":353,"column":7}},{"start":{},"end":{}}],"line":351},"23":{"loc":{"start":{"line":354,"column":6},"end":{"line":356,"column":7}},"type":"if","locations":[{"start":{"line":354,"column":6},"end":{"line":356,"column":7}},{"start":{},"end":{}}],"line":354},"24":{"loc":{"start":{"line":364,"column":6},"end":{"line":370,"column":7}},"type":"if","locations":[{"start":{"line":364,"column":6},"end":{"line":370,"column":7}},{"start":{"line":368,"column":13},"end":{"line":370,"column":7}}],"line":364},"25":{"loc":{"start":{"line":377,"column":4},"end":{"line":380,"column":5}},"type":"if","locations":[{"start":{"line":377,"column":4},"end":{"line":380,"column":5}},{"start":{},"end":{}}],"line":377},"26":{"loc":{"start":{"line":382,"column":4},"end":{"line":385,"column":5}},"type":"if","locations":[{"start":{"line":382,"column":4},"end":{"line":385,"column":5}},{"start":{},"end":{}}],"line":382},"27":{"loc":{"start":{"line":393,"column":6},"end":{"line":395,"column":7}},"type":"if","locations":[{"start":{"line":393,"column":6},"end":{"line":395,"column":7}},{"start":{},"end":{}}],"line":393},"28":{"loc":{"start":{"line":396,"column":6},"end":{"line":398,"column":7}},"type":"if","locations":[{"start":{"line":396,"column":6},"end":{"line":398,"column":7}},{"start":{},"end":{}}],"line":396},"29":{"loc":{"start":{"line":405,"column":6},"end":{"line":411,"column":7}},"type":"if","locations":[{"start":{"line":405,"column":6},"end":{"line":411,"column":7}},{"start":{"line":409,"column":13},"end":{"line":411,"column":7}}],"line":405},"30":{"loc":{"start":{"line":418,"column":4},"end":{"line":421,"column":5}},"type":"if","locations":[{"start":{"line":418,"column":4},"end":{"line":421,"column":5}},{"start":{},"end":{}}],"line":418},"31":{"loc":{"start":{"line":423,"column":4},"end":{"line":426,"column":5}},"type":"if","locations":[{"start":{"line":423,"column":4},"end":{"line":426,"column":5}},{"start":{},"end":{}}],"line":423},"32":{"loc":{"start":{"line":432,"column":4},"end":{"line":441,"column":5}},"type":"if","locations":[{"start":{"line":432,"column":4},"end":{"line":441,"column":5}},{"start":{},"end":{}}],"line":432},"33":{"loc":{"start":{"line":447,"column":6},"end":{"line":449,"column":7}},"type":"if","locations":[{"start":{"line":447,"column":6},"end":{"line":449,"column":7}},{"start":{},"end":{}}],"line":447},"34":{"loc":{"start":{"line":450,"column":6},"end":{"line":452,"column":7}},"type":"if","locations":[{"start":{"line":450,"column":6},"end":{"line":452,"column":7}},{"start":{},"end":{}}],"line":450},"35":{"loc":{"start":{"line":460,"column":6},"end":{"line":466,"column":7}},"type":"if","locations":[{"start":{"line":460,"column":6},"end":{"line":466,"column":7}},{"start":{"line":464,"column":13},"end":{"line":466,"column":7}}],"line":460},"36":{"loc":{"start":{"line":486,"column":4},"end":{"line":495,"column":5}},"type":"if","locations":[{"start":{"line":486,"column":4},"end":{"line":495,"column":5}},{"start":{"line":493,"column":11},"end":{"line":495,"column":5}}],"line":486},"37":{"loc":{"start":{"line":499,"column":4},"end":{"line":541,"column":5}},"type":"if","locations":[{"start":{"line":499,"column":4},"end":{"line":541,"column":5}},{"start":{"line":510,"column":11},"end":{"line":541,"column":5}}],"line":499},"38":{"loc":{"start":{"line":501,"column":6},"end":{"line":509,"column":7}},"type":"if","locations":[{"start":{"line":501,"column":6},"end":{"line":509,"column":7}},{"start":{"line":504,"column":13},"end":{"line":509,"column":7}}],"line":501},"39":{"loc":{"start":{"line":501,"column":10},"end":{"line":501,"column":51}},"type":"binary-expr","locations":[{"start":{"line":501,"column":10},"end":{"line":501,"column":25}},{"start":{"line":501,"column":29},"end":{"line":501,"column":51}}],"line":501},"40":{"loc":{"start":{"line":510,"column":11},"end":{"line":541,"column":5}},"type":"if","locations":[{"start":{"line":510,"column":11},"end":{"line":541,"column":5}},{"start":{"line":519,"column":11},"end":{"line":541,"column":5}}],"line":510},"41":{"loc":{"start":{"line":512,"column":6},"end":{"line":518,"column":7}},"type":"if","locations":[{"start":{"line":512,"column":6},"end":{"line":518,"column":7}},{"start":{"line":514,"column":13},"end":{"line":518,"column":7}}],"line":512},"42":{"loc":{"start":{"line":514,"column":13},"end":{"line":518,"column":7}},"type":"if","locations":[{"start":{"line":514,"column":13},"end":{"line":518,"column":7}},{"start":{},"end":{}}],"line":514},"43":{"loc":{"start":{"line":515,"column":25},"end":{"line":515,"column":104}},"type":"cond-expr","locations":[{"start":{"line":515,"column":47},"end":{"line":515,"column":72}},{"start":{"line":515,"column":75},"end":{"line":515,"column":104}}],"line":515},"44":{"loc":{"start":{"line":519,"column":11},"end":{"line":541,"column":5}},"type":"if","locations":[{"start":{"line":519,"column":11},"end":{"line":541,"column":5}},{"start":{"line":533,"column":11},"end":{"line":541,"column":5}}],"line":519},"45":{"loc":{"start":{"line":521,"column":6},"end":{"line":532,"column":7}},"type":"if","locations":[{"start":{"line":521,"column":6},"end":{"line":532,"column":7}},{"start":{"line":523,"column":13},"end":{"line":532,"column":7}}],"line":521},"46":{"loc":{"start":{"line":523,"column":13},"end":{"line":532,"column":7}},"type":"if","locations":[{"start":{"line":523,"column":13},"end":{"line":532,"column":7}},{"start":{},"end":{}}],"line":523},"47":{"loc":{"start":{"line":525,"column":8},"end":{"line":531,"column":9}},"type":"if","locations":[{"start":{"line":525,"column":8},"end":{"line":531,"column":9}},{"start":{"line":528,"column":15},"end":{"line":531,"column":9}}],"line":525},"48":{"loc":{"start":{"line":533,"column":11},"end":{"line":541,"column":5}},"type":"if","locations":[{"start":{"line":533,"column":11},"end":{"line":541,"column":5}},{"start":{"line":539,"column":11},"end":{"line":541,"column":5}}],"line":533},"49":{"loc":{"start":{"line":535,"column":6},"end":{"line":538,"column":7}},"type":"if","locations":[{"start":{"line":535,"column":6},"end":{"line":538,"column":7}},{"start":{},"end":{}}],"line":535},"50":{"loc":{"start":{"line":535,"column":10},"end":{"line":535,"column":51}},"type":"binary-expr","locations":[{"start":{"line":535,"column":10},"end":{"line":535,"column":25}},{"start":{"line":535,"column":29},"end":{"line":535,"column":51}}],"line":535},"51":{"loc":{"start":{"line":539,"column":11},"end":{"line":541,"column":5}},"type":"if","locations":[{"start":{"line":539,"column":11},"end":{"line":541,"column":5}},{"start":{},"end":{}}],"line":539},"52":{"loc":{"start":{"line":555,"column":13},"end":{"line":555,"column":53}},"type":"cond-expr","locations":[{"start":{"line":555,"column":32},"end":{"line":555,"column":41}},{"start":{"line":555,"column":44},"end":{"line":555,"column":53}}],"line":555},"53":{"loc":{"start":{"line":561,"column":9},"end":{"line":577,"column":9}},"type":"binary-expr","locations":[{"start":{"line":561,"column":9},"end":{"line":561,"column":24}},{"start":{"line":561,"column":28},"end":{"line":561,"column":50}},{"start":{"line":562,"column":10},"end":{"line":576,"column":16}}],"line":561},"54":{"loc":{"start":{"line":566,"column":41},"end":{"line":566,"column":87}},"type":"cond-expr","locations":[{"start":{"line":566,"column":72},"end":{"line":566,"column":82}},{"start":{"line":566,"column":85},"end":{"line":566,"column":87}}],"line":566},"55":{"loc":{"start":{"line":580,"column":43},"end":{"line":580,"column":73}},"type":"binary-expr","locations":[{"start":{"line":580,"column":43},"end":{"line":580,"column":58}},{"start":{"line":580,"column":62},"end":{"line":580,"column":73}}],"line":580},"56":{"loc":{"start":{"line":586,"column":25},"end":{"line":586,"column":74}},"type":"cond-expr","locations":[{"start":{"line":586,"column":39},"end":{"line":586,"column":53}},{"start":{"line":586,"column":56},"end":{"line":586,"column":74}}],"line":586},"57":{"loc":{"start":{"line":589,"column":11},"end":{"line":589,"column":37}},"type":"binary-expr","locations":[{"start":{"line":589,"column":11},"end":{"line":589,"column":23}},{"start":{"line":589,"column":27},"end":{"line":589,"column":37}}],"line":589}},"s":{"0":0,"1":0,"2":0,"3":0,"4":0,"5":0,"6":0,"7":0,"8":0,"9":0,"10":0,"11":0,"12":0,"13":0,"14":0,"15":0,"16":0,"17":0,"18":0,"19":0,"20":0,"21":0,"22":0,"23":0,"24":0,"25":0,"26":0,"27":0,"28":0,"29":0,"30":0,"31":0,"32":0,"33":0,"34":0,"35":0,"36":0,"37":0,"38":0,"39":0,"40":0,"41":0,"42":0,"43":0,"44":0,"45":0,"46":0,"47":0,"48":0,"49":0,"50":0,"51":0,"52":0,"53":0,"54":0,"55":0,"56":0,"57":0,"58":0,"59":0,"60":0,"61":0,"62":0,"63":0,"64":0,"65":0,"66":0,"67":0,"68":0,"69":0,"70":0,"71":0,"72":0,"73":0,"74":0,"75":0,"76":0,"77":0,"78":0,"79":0,"80":0,"81":0,"82":0,"83":0,"84":0,"85":0,"86":0,"87":0,"88":0,"89":0,"90":0,"91":0,"92":0,"93":0,"94":0,"95":0,"96":0,"97":0,"98":0,"99":0,"100":0,"101":0,"102":0,"103":0,"104":0,"105":0,"106":0,"107":0,"108":0,"109":0,"110":0,"111":0,"112":0,"113":0,"114":0,"115":0,"116":0,"117":0,"118":0,"119":0,"120":0,"121":0,"122":0,"123":0,"124":0,"125":0,"126":0,"127":0,"128":0,"129":0,"130":0,"131":0,"132":0,"133":0,"134":0,"135":0,"136":0,"137":0,"138":0,"139":0,"140":0,"141":0,"142":0,"143":0,"144":0,"145":0,"146":0,"147":0,"148":0,"149":0,"150":0,"151":0,"152":0,"153":0,"154":0,"155":0,"156":0,"157":0,"158":0,"159":0,"160":0,"161":0,"162":0,"163":0,"164":0,"165":0,"166":0,"167":0,"168":0,"169":0,"170":0,"171":0,"172":0,"173":0,"174":0,"175":0,"176":0,"177":0,"178":0,"179":0,"180":0,"181":0,"182":0,"183":0,"184":0,"185":0,"186":0,"187":0,"188":0,"189":0,"190":0,"191":0,"192":0,"193":0,"194":0,"195":0,"196":0,"197":0,"198":0,"199":0,"200":0,"201":0,"202":0,"203":0,"204":0,"205":0,"206":0,"207":0,"208":0,"209":0,"210":0,"211":0,"212":0,"213":0,"214":0,"215":0,"216":0,"217":0,"218":0,"219":0,"220":0,"221":0,"222":0,"223":0,"224":0,"225":0,"226":0,"227":0,"228":0,"229":0,"230":0,"231":0,"232":0,"233":0,"234":0,"235":0,"236":0,"237":0,"238":0,"239":0},"f":{"0":0,"1":0,"2":0,"3":0,"4":0,"5":0,"6":0,"7":0,"8":0,"9":0,"10":0,"11":0,"12":0,"13":0,"14":0,"15":0,"16":0,"17":0,"18":0,"19":0,"20":0,"21":0,"22":0,"23":0},"b":{"0":[0,0],"1":[0,0],"2":[0],"3":[0,0],"4":[0,0,0,0,0,0,0,0,0,0],"5":[0,0],"6":[0,0],"7":[0,0],"8":[0,0],"9":[0,0],"10":[0,0],"11":[0,0],"12":[0,0],"13":[0,0],"14":[0,0],"15":[0,0],"16":[0,0],"17":[0,0],"18":[0,0],"19":[0,0],"20":[0,0],"21":[0,0],"22":[0,0],"23":[0,0],"24":[0,0],"25":[0,0],"26":[0,0],"27":[0,0],"28":[0,0],"29":[0,0],"30":[0,0],"31":[0,0],"32":[0,0],"33":[0,0],"34":[0,0],"35":[0,0],"36":[0,0],"37":[0,0],"38":[0,0],"39":[0,0],"40":[0,0],"41":[0,0],"42":[0,0],"43":[0,0],"44":[0,0],"45":[0,0],"46":[0,0],"47":[0,0],"48":[0,0],"49":[0,0],"50":[0,0],"51":[0,0],"52":[0,0],"53":[0,0,0],"54":[0,0],"55":[0,0],"56":[0,0],"57":[0,0]}}
}
