TN:
SF:src/App.js
FN:161,App
FN:165,(anonymous_1)
FN:167,(anonymous_2)
FN:171,(anonymous_3)
FNF:4
FNH:0
FNDA:0,App
FNDA:0,(anonymous_1)
FNDA:0,(anonymous_2)
FNDA:0,(anonymous_3)
DA:8,0
DA:30,0
DA:39,0
DA:63,0
DA:82,0
DA:96,0
DA:103,0
DA:110,0
DA:116,0
DA:130,0
DA:137,0
DA:162,0
DA:163,0
DA:165,0
DA:167,0
DA:168,0
DA:171,0
DA:174,0
LF:18
LH:0
BRDA:179,0,0,0
BRDA:179,0,1,0
BRDA:201,1,0,0
BRDA:201,1,1,0
BRF:4
BRH:0
end_of_record
TN:
SF:src/index.js
FNF:0
FNH:0
DA:5,0
DA:6,0
LF:2
LH:0
BRF:0
BRH:0
end_of_record
TN:
SF:src/components/MCPInterface.js
FN:60,(anonymous_0)
FN:419,(anonymous_1)
FN:437,(anonymous_2)
FN:438,(anonymous_3)
FN:452,(anonymous_4)
FN:465,(anonymous_5)
FN:474,(anonymous_6)
FN:484,(anonymous_7)
FN:485,(anonymous_8)
FN:490,(anonymous_9)
FN:545,(anonymous_10)
FN:578,(anonymous_11)
FN:588,(anonymous_12)
FN:604,(anonymous_13)
FN:615,(anonymous_14)
FN:622,(anonymous_15)
FN:649,(anonymous_16)
FN:659,(anonymous_17)
FN:671,(anonymous_18)
FN:688,(anonymous_19)
FN:698,(anonymous_20)
FN:734,(anonymous_21)
FN:743,(anonymous_22)
FN:746,(anonymous_23)
FN:754,(anonymous_24)
FN:756,(anonymous_25)
FN:762,(anonymous_26)
FN:773,(anonymous_27)
FN:792,(anonymous_28)
FN:801,(anonymous_29)
FN:819,(anonymous_30)
FN:828,(anonymous_31)
FN:848,(anonymous_32)
FN:851,(anonymous_33)
FN:854,(anonymous_34)
FN:857,(anonymous_35)
FNF:36
FNH:0
FNDA:0,(anonymous_0)
FNDA:0,(anonymous_1)
FNDA:0,(anonymous_2)
FNDA:0,(anonymous_3)
FNDA:0,(anonymous_4)
FNDA:0,(anonymous_5)
FNDA:0,(anonymous_6)
FNDA:0,(anonymous_7)
FNDA:0,(anonymous_8)
FNDA:0,(anonymous_9)
FNDA:0,(anonymous_10)
FNDA:0,(anonymous_11)
FNDA:0,(anonymous_12)
FNDA:0,(anonymous_13)
FNDA:0,(anonymous_14)
FNDA:0,(anonymous_15)
FNDA:0,(anonymous_16)
FNDA:0,(anonymous_17)
FNDA:0,(anonymous_18)
FNDA:0,(anonymous_19)
FNDA:0,(anonymous_20)
FNDA:0,(anonymous_21)
FNDA:0,(anonymous_22)
FNDA:0,(anonymous_23)
FNDA:0,(anonymous_24)
FNDA:0,(anonymous_25)
FNDA:0,(anonymous_26)
FNDA:0,(anonymous_27)
FNDA:0,(anonymous_28)
FNDA:0,(anonymous_29)
FNDA:0,(anonymous_30)
FNDA:0,(anonymous_31)
FNDA:0,(anonymous_32)
FNDA:0,(anonymous_33)
FNDA:0,(anonymous_34)
FNDA:0,(anonymous_35)
DA:8,0
DA:14,0
DA:19,0
DA:41,0
DA:49,0
DA:60,0
DA:77,0
DA:81,0
DA:85,0
DA:94,0
DA:98,0
DA:107,0
DA:128,0
DA:150,0
DA:156,0
DA:167,0
DA:196,0
DA:228,0
DA:251,0
DA:277,0
DA:284,0
DA:299,0
DA:308,0
DA:317,0
DA:339,0
DA:387,0
DA:413,0
DA:419,0
DA:420,0
DA:421,0
DA:422,0
DA:423,0
DA:424,0
DA:425,0
DA:426,0
DA:427,0
DA:428,0
DA:429,0
DA:430,0
DA:431,0
DA:432,0
DA:433,0
DA:434,0
DA:437,0
DA:438,0
DA:439,0
DA:440,0
DA:441,0
DA:442,0
DA:445,0
DA:448,0
DA:452,0
DA:453,0
DA:454,0
DA:465,0
DA:466,0
DA:467,0
DA:469,0
DA:474,0
DA:475,0
DA:476,0
DA:477,0
DA:478,0
DA:479,0
DA:480,0
DA:484,0
DA:485,0
DA:486,0
DA:487,0
DA:490,0
DA:491,0
DA:492,0
DA:493,0
DA:496,0
DA:497,0
DA:498,0
DA:500,0
DA:501,0
DA:502,0
DA:503,0
DA:507,0
DA:513,0
DA:514,0
DA:515,0
DA:518,0
DA:519,0
DA:520,0
DA:524,0
DA:532,0
DA:535,0
DA:536,0
DA:538,0
DA:541,0
DA:545,0
DA:546,0
DA:547,0
DA:548,0
DA:550,0
DA:551,0
DA:552,0
DA:553,0
DA:555,0
DA:561,0
DA:562,0
DA:565,0
DA:568,0
DA:569,0
DA:571,0
DA:574,0
DA:578,0
DA:579,0
DA:588,0
DA:605,0
DA:615,0
DA:622,0
DA:649,0
DA:659,0
DA:671,0
DA:688,0
DA:698,0
DA:734,0
DA:735,0
DA:744,0
DA:746,0
DA:754,0
DA:757,0
DA:762,0
DA:773,0
DA:792,0
DA:793,0
DA:802,0
DA:819,0
DA:820,0
DA:829,0
DA:845,0
DA:848,0
DA:851,0
DA:854,0
DA:857,0
LF:139
LH:0
BRDA:60,0,0,0
BRDA:60,0,1,0
BRDA:441,1,0,0
BRDA:441,1,1,0
BRDA:458,2,0,0
BRDA:458,2,1,0
BRDA:477,3,0,0
BRDA:477,3,1,0
BRDA:478,4,0,0
BRDA:478,4,1,0
BRDA:491,5,0,0
BRDA:491,5,1,0
BRDA:502,6,0,0
BRDA:502,6,1,0
BRDA:503,7,0,0
BRDA:503,7,1,0
BRDA:513,8,0,0
BRDA:513,8,1,0
BRDA:518,9,0,0
BRDA:518,9,1,0
BRDA:519,10,0,0
BRDA:519,10,1,0
BRDA:520,11,0,0
BRDA:520,11,1,0
BRDA:532,12,0,0
BRDA:532,12,1,0
BRDA:535,13,0,0
BRDA:535,13,1,0
BRDA:535,14,0,0
BRDA:535,14,1,0
BRDA:535,14,2,0
BRDA:538,15,0,0
BRDA:538,15,1,0
BRDA:552,16,0,0
BRDA:552,16,1,0
BRDA:553,17,0,0
BRDA:553,17,1,0
BRDA:558,18,0,0
BRDA:558,18,1,0
BRDA:561,19,0,0
BRDA:561,19,1,0
BRDA:565,20,0,0
BRDA:565,20,1,0
BRDA:568,21,0,0
BRDA:568,21,1,0
BRDA:568,22,0,0
BRDA:568,22,1,0
BRDA:568,22,2,0
BRDA:571,23,0,0
BRDA:571,23,1,0
BRDA:584,24,0,0
BRDA:584,24,1,0
BRDA:592,25,0,0
BRDA:592,25,1,0
BRDA:596,26,0,0
BRDA:596,26,1,0
BRDA:667,27,0,0
BRDA:667,27,1,0
BRDA:672,28,0,0
BRDA:672,28,1,0
BRDA:674,29,0,0
BRDA:674,29,1,0
BRDA:681,30,0,0
BRDA:681,30,1,0
BRDA:707,31,0,0
BRDA:707,31,1,0
BRDA:711,32,0,0
BRDA:711,32,1,0
BRDA:722,33,0,0
BRDA:722,33,1,0
BRDA:723,34,0,0
BRDA:723,34,1,0
BRDA:725,35,0,0
BRDA:725,35,1,0
BRDA:753,36,0,0
BRDA:753,36,1,0
BRDA:756,37,0,0
BRDA:756,37,1,0
BRDA:758,38,0,0
BRDA:758,38,1,0
BRDA:761,39,0,0
BRDA:761,39,1,0
BRDA:785,40,0,0
BRDA:785,40,1,0
BRDA:785,40,2,0
BRDA:800,41,0,0
BRDA:800,41,1,0
BRDA:827,42,0,0
BRDA:827,42,1,0
BRDA:863,43,0,0
BRDA:863,43,1,0
BRDA:864,44,0,0
BRDA:864,44,1,0
BRDA:865,45,0,0
BRDA:865,45,1,0
BRDA:866,46,0,0
BRDA:866,46,1,0
BRF:97
BRH:0
end_of_record
TN:
SF:src/components/MatrixRain.js
FN:12,(anonymous_0)
FN:21,(anonymous_1)
FN:27,(anonymous_2)
FN:29,(anonymous_3)
FN:39,(anonymous_4)
FN:47,(anonymous_5)
FN:53,(anonymous_6)
FN:69,(anonymous_7)
FN:90,(anonymous_8)
FN:122,(anonymous_9)
FN:138,(anonymous_10)
FNF:11
FNH:3
FNDA:10,(anonymous_0)
FNDA:10,(anonymous_1)
FNDA:10,(anonymous_2)
FNDA:0,(anonymous_3)
FNDA:0,(anonymous_4)
FNDA:0,(anonymous_5)
FNDA:0,(anonymous_6)
FNDA:0,(anonymous_7)
FNDA:0,(anonymous_8)
FNDA:0,(anonymous_9)
FNDA:0,(anonymous_10)
DA:4,1
DA:12,10
DA:16,1
DA:21,1
DA:22,10
DA:23,10
DA:24,10
DA:25,10
DA:27,10
DA:29,10
DA:30,0
DA:33,10
DA:37,10
DA:38,10
DA:40,0
DA:44,10
DA:47,0
DA:48,0
DA:49,0
DA:53,10
DA:54,0
DA:55,0
DA:58,0
DA:59,0
DA:60,0
DA:61,0
DA:63,0
DA:66,0
DA:69,0
DA:70,0
DA:71,0
DA:74,0
DA:75,0
DA:78,0
DA:79,0
DA:81,0
DA:82,0
DA:83,0
DA:86,0
DA:87,0
DA:90,0
DA:92,0
DA:93,0
DA:95,0
DA:96,0
DA:97,0
DA:99,0
DA:101,0
DA:104,0
DA:105,0
DA:108,0
DA:109,0
DA:110,0
DA:113,0
DA:116,0
DA:117,0
DA:122,0
DA:124,0
DA:125,0
DA:126,0
DA:129,0
DA:130,0
DA:134,0
DA:135,0
DA:138,0
DA:139,0
DA:140,0
DA:141,0
DA:146,10
LF:69
LH:16
BRDA:12,0,0,9
BRDA:12,0,1,1
BRDA:21,1,0,8
BRDA:37,2,0,10
BRDA:37,2,1,0
BRDA:49,3,0,0
BRDA:49,3,1,0
BRDA:55,4,0,0
BRDA:55,4,1,0
BRDA:58,5,0,0
BRDA:58,5,1,0
BRDA:58,6,0,0
BRDA:58,6,1,0
BRDA:58,6,2,0
BRDA:59,7,0,0
BRDA:59,7,1,0
BRDA:116,8,0,0
BRDA:116,8,1,0
BRDA:116,9,0,0
BRDA:116,9,1,0
BRDA:124,10,0,0
BRDA:124,10,1,0
BRDA:124,11,0,0
BRDA:124,11,1,0
BRDA:124,11,2,0
BRDA:134,12,0,0
BRDA:134,12,1,0
BRDA:134,13,0,0
BRDA:134,13,1,0
BRDA:134,13,2,0
BRDA:140,14,0,0
BRDA:140,14,1,0
BRF:32
BRH:4
end_of_record
TN:
SF:src/components/StatusBar.js
FN:84,(anonymous_0)
FN:92,(anonymous_1)
FN:94,(anonymous_2)
FN:99,(anonymous_3)
FN:118,(anonymous_4)
FN:124,(anonymous_5)
FN:133,(anonymous_6)
FNF:7
FNH:0
FNDA:0,(anonymous_0)
FNDA:0,(anonymous_1)
FNDA:0,(anonymous_2)
FNDA:0,(anonymous_3)
FNDA:0,(anonymous_4)
FNDA:0,(anonymous_5)
FNDA:0,(anonymous_6)
DA:5,0
DA:11,0
DA:34,0
DA:40,0
DA:65,0
DA:72,0
DA:78,0
DA:84,0
DA:85,0
DA:86,0
DA:87,0
DA:92,0
DA:94,0
DA:95,0
DA:99,0
DA:100,0
DA:101,0
DA:102,0
DA:103,0
DA:105,0
DA:108,0
DA:113,0
DA:116,0
DA:118,0
DA:119,0
DA:120,0
DA:124,0
DA:125,0
DA:133,0
DA:134,0
DA:141,0
LF:31
LH:0
BRDA:102,0,0,0
BRDA:102,0,1,0
BRDA:177,1,0,0
BRDA:177,1,1,0
BRDA:178,2,0,0
BRDA:178,2,1,0
BRF:6
BRH:0
end_of_record
TN:
SF:src/components/Terminal.js
FN:170,(anonymous_0)
FN:185,(anonymous_1)
FN:197,(anonymous_2)
FN:204,(anonymous_3)
FN:205,(anonymous_4)
FN:208,(anonymous_5)
FN:222,(anonymous_6)
FN:244,(anonymous_7)
FN:247,(anonymous_8)
FN:286,(anonymous_9)
FN:321,(anonymous_10)
FN:376,(anonymous_11)
FN:417,(anonymous_12)
FN:472,(anonymous_13)
FN:473,(anonymous_14)
FN:481,(anonymous_15)
FN:487,(anonymous_16)
FN:498,(anonymous_17)
FN:506,(anonymous_18)
FN:513,(anonymous_19)
FN:522,(anonymous_20)
FN:547,(anonymous_21)
FN:563,(anonymous_22)
FN:567,(anonymous_23)
FNF:24
FNH:0
FNDA:0,(anonymous_0)
FNDA:0,(anonymous_1)
FNDA:0,(anonymous_2)
FNDA:0,(anonymous_3)
FNDA:0,(anonymous_4)
FNDA:0,(anonymous_5)
FNDA:0,(anonymous_6)
FNDA:0,(anonymous_7)
FNDA:0,(anonymous_8)
FNDA:0,(anonymous_9)
FNDA:0,(anonymous_10)
FNDA:0,(anonymous_11)
FNDA:0,(anonymous_12)
FNDA:0,(anonymous_13)
FNDA:0,(anonymous_14)
FNDA:0,(anonymous_15)
FNDA:0,(anonymous_16)
FNDA:0,(anonymous_17)
FNDA:0,(anonymous_18)
FNDA:0,(anonymous_19)
FNDA:0,(anonymous_20)
FNDA:0,(anonymous_21)
FNDA:0,(anonymous_22)
FNDA:0,(anonymous_23)
DA:8,0
DA:12,0
DA:27,0
DA:60,0
DA:72,0
DA:87,0
DA:96,0
DA:129,0
DA:158,0
DA:170,0
DA:171,0
DA:172,0
DA:173,0
DA:174,0
DA:175,0
DA:176,0
DA:177,0
DA:178,0
DA:179,0
DA:180,0
DA:182,0
DA:183,0
DA:185,0
DA:187,0
DA:188,0
DA:189,0
DA:192,0
DA:193,0
DA:197,0
DA:199,0
DA:200,0
DA:204,0
DA:205,0
DA:208,0
DA:209,0
DA:211,0
DA:212,0
DA:214,0
DA:215,0
DA:216,0
DA:218,0
DA:219,0
DA:221,0
DA:222,0
DA:223,0
DA:225,0
DA:228,0
DA:229,0
DA:232,0
DA:233,0
DA:235,0
DA:236,0
DA:238,0
DA:241,0
DA:242,0
DA:243,0
DA:244,0
DA:245,0
DA:247,0
DA:248,0
DA:250,0
DA:253,0
DA:254,0
DA:255,0
DA:256,0
DA:257,0
DA:260,0
DA:261,0
DA:264,0
DA:265,0
DA:268,0
DA:269,0
DA:272,0
DA:273,0
DA:276,0
DA:277,0
DA:280,0
DA:283,0
DA:286,0
DA:287,0
DA:288,0
DA:289,0
DA:292,0
DA:294,0
DA:295,0
DA:296,0
DA:297,0
DA:299,0
DA:300,0
DA:303,0
DA:309,0
DA:310,0
DA:311,0
DA:312,0
DA:314,0
DA:317,0
DA:321,0
DA:322,0
DA:323,0
DA:324,0
DA:327,0
DA:328,0
DA:329,0
DA:332,0
DA:333,0
DA:336,0
DA:337,0
DA:338,0
DA:339,0
DA:341,0
DA:342,0
DA:343,0
DA:347,0
DA:349,0
DA:350,0
DA:351,0
DA:352,0
DA:354,0
DA:355,0
DA:358,0
DA:364,0
DA:365,0
DA:366,0
DA:367,0
DA:369,0
DA:372,0
DA:376,0
DA:377,0
DA:378,0
DA:379,0
DA:382,0
DA:383,0
DA:384,0
DA:387,0
DA:389,0
DA:391,0
DA:392,0
DA:393,0
DA:394,0
DA:396,0
DA:397,0
DA:400,0
DA:405,0
DA:406,0
DA:407,0
DA:408,0
DA:410,0
DA:413,0
DA:417,0
DA:418,0
DA:419,0
DA:420,0
DA:423,0
DA:424,0
DA:425,0
DA:428,0
DA:429,0
DA:432,0
DA:433,0
DA:434,0
DA:435,0
DA:437,0
DA:438,0
DA:439,0
DA:443,0
DA:445,0
DA:446,0
DA:447,0
DA:448,0
DA:450,0
DA:451,0
DA:454,0
DA:460,0
DA:461,0
DA:462,0
DA:463,0
DA:465,0
DA:468,0
DA:472,0
DA:473,0
DA:481,0
DA:482,0
DA:483,0
DA:486,0
DA:487,0
DA:488,0
DA:490,0
DA:491,0
DA:492,0
DA:494,0
DA:498,0
DA:499,0
DA:500,0
DA:501,0
DA:502,0
DA:503,0
DA:505,0
DA:506,0
DA:507,0
DA:508,0
DA:510,0
DA:511,0
DA:512,0
DA:513,0
DA:514,0
DA:515,0
DA:516,0
DA:517,0
DA:519,0
DA:520,0
DA:521,0
DA:522,0
DA:523,0
DA:524,0
DA:525,0
DA:526,0
DA:527,0
DA:529,0
DA:530,0
DA:533,0
DA:534,0
DA:535,0
DA:536,0
DA:537,0
DA:539,0
DA:540,0
DA:544,0
DA:548,0
DA:564,0
DA:568,0
DA:569,0
DA:570,0
LF:232
LH:0
BRDA:192,0,0,0
BRDA:192,0,1,0
BRDA:199,1,0,0
BRDA:199,1,1,0
BRDA:204,2,0,0
BRDA:209,3,0,0
BRDA:209,3,1,0
BRDA:219,4,0,0
BRDA:219,4,1,0
BRDA:219,4,2,0
BRDA:219,4,3,0
BRDA:219,4,4,0
BRDA:219,4,5,0
BRDA:219,4,6,0
BRDA:219,4,7,0
BRDA:219,4,8,0
BRDA:219,4,9,0
BRDA:232,5,0,0
BRDA:232,5,1,0
BRDA:233,6,0,0
BRDA:233,6,1,0
BRDA:241,7,0,0
BRDA:241,7,1,0
BRDA:243,8,0,0
BRDA:243,8,1,0
BRDA:254,9,0,0
BRDA:254,9,1,0
BRDA:255,10,0,0
BRDA:255,10,1,0
BRDA:256,11,0,0
BRDA:256,11,1,0
BRDA:287,12,0,0
BRDA:287,12,1,0
BRDA:296,13,0,0
BRDA:296,13,1,0
BRDA:299,14,0,0
BRDA:299,14,1,0
BRDA:305,15,0,0
BRDA:305,15,1,0
BRDA:305,16,0,0
BRDA:305,16,1,0
BRDA:305,17,0,0
BRDA:305,17,1,0
BRDA:309,18,0,0
BRDA:309,18,1,0
BRDA:322,19,0,0
BRDA:322,19,1,0
BRDA:327,20,0,0
BRDA:327,20,1,0
BRDA:336,21,0,0
BRDA:336,21,1,0
BRDA:351,22,0,0
BRDA:351,22,1,0
BRDA:354,23,0,0
BRDA:354,23,1,0
BRDA:364,24,0,0
BRDA:364,24,1,0
BRDA:377,25,0,0
BRDA:377,25,1,0
BRDA:382,26,0,0
BRDA:382,26,1,0
BRDA:393,27,0,0
BRDA:393,27,1,0
BRDA:396,28,0,0
BRDA:396,28,1,0
BRDA:405,29,0,0
BRDA:405,29,1,0
BRDA:418,30,0,0
BRDA:418,30,1,0
BRDA:423,31,0,0
BRDA:423,31,1,0
BRDA:432,32,0,0
BRDA:432,32,1,0
BRDA:447,33,0,0
BRDA:447,33,1,0
BRDA:450,34,0,0
BRDA:450,34,1,0
BRDA:460,35,0,0
BRDA:460,35,1,0
BRDA:486,36,0,0
BRDA:486,36,1,0
BRDA:499,37,0,0
BRDA:499,37,1,0
BRDA:501,38,0,0
BRDA:501,38,1,0
BRDA:501,39,0,0
BRDA:501,39,1,0
BRDA:510,40,0,0
BRDA:510,40,1,0
BRDA:512,41,0,0
BRDA:512,41,1,0
BRDA:514,42,0,0
BRDA:514,42,1,0
BRDA:515,43,0,0
BRDA:515,43,1,0
BRDA:519,44,0,0
BRDA:519,44,1,0
BRDA:521,45,0,0
BRDA:521,45,1,0
BRDA:523,46,0,0
BRDA:523,46,1,0
BRDA:525,47,0,0
BRDA:525,47,1,0
BRDA:533,48,0,0
BRDA:533,48,1,0
BRDA:535,49,0,0
BRDA:535,49,1,0
BRDA:535,50,0,0
BRDA:535,50,1,0
BRDA:539,51,0,0
BRDA:539,51,1,0
BRDA:555,52,0,0
BRDA:555,52,1,0
BRDA:561,53,0,0
BRDA:561,53,1,0
BRDA:561,53,2,0
BRDA:566,54,0,0
BRDA:566,54,1,0
BRDA:580,55,0,0
BRDA:580,55,1,0
BRDA:586,56,0,0
BRDA:586,56,1,0
BRDA:589,57,0,0
BRDA:589,57,1,0
BRF:124
BRH:0
end_of_record
